I am using the following nodes: sn[085,113]
My job ID is: 415231
/gpfs/home/borwang
NUM CPUs 28
/gpfs/home/borwang
NUM CPUs 28
ID       Population  PopulationVariation  Compactness
1666     682730       9200                0.8277777777777777
745      697046       5116                0.7966804979253113
1461     690827       1103                0.6666666666666667
2575     684273       7657                0.5306122448979591
1638     699923       7993                0.6085106382978723
2135     692672       742                 0.6324324324324324
2642     700697       8767                0.6651162790697674
351      685943       5987                0.5561497326203209
989      692189       259                 0.7777777777777778
753      693832       1902                0.8755555555555555
1246     692393       463                 0.6859903381642511
2973     684502       7428                0.6129032258064516
2825     698987       7057                0.6616915422885572
2820     691013       917                 0.696629213483146
ID       Population  PopulationVariation  Compactness
834      685083       6847                0.8438818565400844
1205     688211       3719                0.7373271889400922
1837     694890       2960                0.6374269005847953
2978     686889       5041                0.7013888888888888
1045     692486       556                 0.7442748091603053
708      700536       8606                0.6603773584905661
1839     685645       6285                0.6235294117647059
1840     692302       372                 0.6918238993710693
2240     700728       8798                0.7410358565737052
2239     694030       2100                0.6697247706422018
1680     686218       5712                0.8201058201058201
1641     687396       4534                0.6900584795321638
1074     702029       10099               0.7723880597014925
288      690584       1346                0.75    
ID       Population  PopulationVariation  Compactness
2098     699576       7646                0.6076555023923444
2426     692701       771                 0.645320197044335
2805     700777       8847                0.75    
2804     688898       3032                0.6620689655172414
934      696169       4239                0.8613445378151261
442      685960       5970                0.8185840707964602
142      692484       554                 0.7178217821782178
193      701095       9165                0.7604790419161677
2459     688482       3448                0.6056338028169015
2937     691211       719                 0.6463414634146342
262      684016       7914                0.6049382716049383
1099     689837       2093                0.6846846846846847
628      683874       8056                0.7529411764705882
694      691947       17                  0.5963302752293578
ID       Population  PopulationVariation  Compactness
2555     690498       1432                0.5955056179775281
1700     682156       9774                0.6598360655737705
1054     700657       8727                0.5376344086021505
916      694141       2211                0.7982832618025751
2442     700179       8249                0.5625  
2935     684352       7578                0.5714285714285714
184      697029       5099                0.6565656565656566
188      681795       10135               0.6534090909090908
1926     685599       6331                0.6862745098039216
3036     697386       5456                0.5714285714285714
2859     690919       1011                0.837037037037037
2945     701469       9539                0.8208955223880597
1170     685825       6105                0.8521739130434782
956      695022       3092                0.6555023923444976
ID       Population  PopulationVariation  Compactness
321      682357       9573                0.8108108108108107
264      699321       7391                0.6574585635359116
934      699813       7883                0.85    
917      687499       4431                0.7777777777777778
921      686529       5401                0.7963800904977376
1916     691588       342                 0.7254098360655737
2119     698233       6303                0.6211453744493391
2357     687891       4039                0.8     
279      689926       2004                0.7166666666666667
2812     696693       4763                0.650887573964497
2814     690397       1533                0.595890410958904
2296     687160       4770                0.6932515337423313
509      695419       3489                0.7081081081081081
164      694201       2271                0.6785714285714286
ID       Population  PopulationVariation  Compactness
988      696471       4541                0.8327137546468402
745      691648       282                 0.8823529411764706
984      698240       6310                0.7154811715481171
1113     692765       835                 0.6608187134502924
1960     701553       9623                0.6778846153846154
2877     699636       7706                0.8225806451612903
2486     688743       3187                0.66793893129771
2605     686230       5700                0.6808510638297872
2968     688393       3537                0.8373015873015873
2272     691394       536                 0.6329113924050633
263      691892       38                  0.6927374301675977
339      684243       7687                0.5955882352941176
2718     686156       5774                0.5743589743589743
2764     689663       2267                0.7542857142857142
ID       Population  PopulationVariation  Compactness
2835     690525       1405                0.7747252747252747
861      682545       9385                0.8904109589041096
857      686037       5893                0.75    
1056     689966       1964                0.8064516129032258
252      693830       1900                0.6526315789473685
2604     683403       8527                0.6495327102803738
2605     701079       9149                0.6461538461538461
671      694487       2557                0.6802030456852792
2251     699101       7171                0.6681818181818182
541      700862       8932                0.8122270742358079
523      697515       5585                0.671957671957672
2300     693083       1153                0.7228915662650602
2328     684103       7827                0.6598984771573604
2334     690491       1439                0.7727272727272727
ID       Population  PopulationVariation  Compactness
770      691826       104                 0.8498168498168498
2595     701627       9697                0.6629213483146068
665      687720       4210                0.6590909090909092
1817     691681       249                 0.572289156626506
2693     681925       10005               0.6047430830039526
864      688187       3743                0.9140625
860      688891       3039                0.8616071428571428
1514     696918       4988                0.825136612021858
1512     692410       480                 0.6228571428571428
2972     699405       7475                0.6625  
1074     684624       7306                0.681592039800995
357      697469       5539                0.7065217391304348
2427     683316       8614                0.5533980582524272
2426     701028       9098                0.5159235668789809
ID       Population  PopulationVariation  Compactness
2098     685672       6258                0.64    
2124     688698       3232                0.6166666666666667
307      692164       234                 0.8353909465020576
2799     696628       4698                0.5818181818181818
738      681680       10250               0.7027027027027026
2874     682683       9247                0.6266666666666667
1762     697642       5712                0.826530612244898
2865     694789       2859                0.6115107913669064
694      690284       1646                0.6458333333333333
628      695868       3938                0.6453488372093024
1301     697887       5957                0.8398576512455516
1300     684939       6991                0.8815165876777251
2196     696203       4273                0.726923076923077
2077     701890       9960                0.6844660194174756
ID       Population  PopulationVariation  Compactness
1646     669604       22326               0.7513812154696132
1138     618791       73139               0.7424892703862661
1876     684319       7611                0.6319018404907976
2290     714573       22643               0.7416666666666667
1166     682684       9246                0.8859649122807017
706      731102       39172               0.7566137566137566
396      648990       42940               0.7982456140350878
395      632378       59552               0.625668449197861
2212     747024       55094               0.6428571428571428
1954     738344       46414               0.6939890710382514
2775     755337       63407               0.6458333333333333
2585     702803       10873               0.6282722513089005
1445     693105       1175                0.7142857142857143
1443     667973       23957               0.6692307692307693
ID       Population  PopulationVariation  Compactness
744      692515       585                 0.8472906403940886
284      682803       9127                0.5359477124183006
2160     683229       8701                0.6936170212765957
1040     699826       7896                0.7405857740585774
1447     683045       8885                0.6853932584269663
2001     701771       9841                0.6774193548387097
2634     688552       3378                0.6857142857142857
1645     692822       892                 0.7183908045977012
616      683516       8414                0.7463414634146341
1693     688470       3460                0.839572192513369
1692     696758       4828                0.7547169811320755
899      699191       7261                0.6423357664233577
335      700048       8118                0.8973384030418251
307      694481       2551                0.5989583333333333
ID       Population  PopulationVariation  Compactness
1470     700408       8478                0.8655913978494624
3012     688818       3112                0.8640350877192983
2300     684432       7498                0.7129186602870814
552      684545       7385                0.852589641434263
2604     690955       975                 0.645631067961165
1492     696649       4719                0.6573426573426573
1138     683779       8151                0.625   
97       700054       8124                0.6310160427807487
1899     694048       2118                0.6919831223628692
1895     689420       2510                0.6598639455782314
1040     694831       2901                0.6894977168949772
655      694230       2300                0.6931216931216931
516      684110       7820                0.711864406779661
515      700748       8818                0.5987261146496815
ID       Population  PopulationVariation  Compactness
2351     682741       9189                0.6470588235294117
954      685562       6368                0.8253275109170306
3040     699874       7944                0.6603773584905661
1996     697941       6011                0.554140127388535
1156     690754       1176                0.8909952606635071
1464     688957       2973                0.6075949367088608
31       696484       4554                0.8142076502732241
32       689590       2340                0.6608187134502924
17       694500       2570                0.6666666666666667
72       687051       4879                0.6735751295336787
45       692535       605                 0.8315789473684211
50       700879       8949                0.6739130434782609
301      694149       2219                0.7214611872146119
1112     686010       5920                0.6336633663366337
ID       Population  PopulationVariation  Compactness
1146     684753       7177                0.7922535211267605
1654     686179       5751                0.6689655172413793
1862     701191       9261                0.7345971563981042
612      692735       805                 0.5964912280701755
2775     694281       2351                0.6923076923076923
1680     688569       3361                0.7212389380530974
1736     684522       7408                0.8429319371727748
95       694278       2348                0.6844262295081966
98       692314       384                 0.6176470588235294
281      697570       5640                0.6666666666666667
1156     685626       6304                0.736842105263158
738      701817       9887                0.9017857142857143
630      685921       6009                0.6381909547738693
353      697271       5341                0.6363636363636364
ID       Population  PopulationVariation  Compactness
493      699612       7682                0.7478632478632479
2031     701081       9151                0.5797872340425532
2291     692330       400                 0.688   
1762     698908       6978                0.7391304347826086
1641     696354       4424                0.651685393258427
1680     686478       5452                0.8248587570621468
2971     693332       1402                0.8110236220472441
1505     681687       10243               0.6235955056179776
2006     690114       1816                0.6494845360824743
2557     681776       10154               0.6283783783783784
281      688571       3359                0.6599999999999999
340      693106       1176                0.6196319018404908
1357     689636       2294                0.7268907563025211
832      694042       2112                0.8558951965065502
ID       Population  PopulationVariation  Compactness
2045     686752       5178                0.6368159203980099
840      682155       9775                0.8577777777777778
2720     684702       7228                0.6401869158878505
565      697963       6033                0.7512437810945274
2676     693773       1843                0.711340206185567
2572     690874       1056                0.5266666666666666
1575     686610       5320                0.8181818181818181
2177     694009       2079                0.7654867256637168
1506     692932       1002                0.5988023952095809
2881     694692       2762                0.6228070175438596
749      701734       9804                0.789272030651341
747      692652       722                 0.8577405857740585
2895     690768       1162                0.6402439024390244
2932     697411       5481                0.42741935483870963
ID       Population  PopulationVariation  Compactness
856      673695       18235               0.8653061224489795
1873     697395       5465                0.731958762886598
1191     692042       112                 0.8398268398268398
266      682758       9172                0.7794117647058824
1966     691669       261                 0.6818181818181819
1969     701675       9745                0.8     
38       698914       6984                0.6167664670658682
497      685320       6610                0.6178010471204188
1828     701046       9116                0.5911602209944751
1827     685518       6412                0.7131782945736433
2184     690629       1301                0.7338709677419355
3024     697779       5849                0.6267942583732058
1113     698868       6938                0.5545023696682465
1107     689719       2211                0.6196319018404908
ID       Population  PopulationVariation  Compactness
2963     687837       4093                0.6666666666666667
286      684317       7613                0.7361111111111112
2092     695349       3419                0.6597938144329897
2720     698767       6837                0.689119170984456
651      683999       7931                0.7329545454545454
2734     683053       8877                0.6762589928057554
1055     693960       2030                0.65    
748      698737       6807                0.7815126050420168
948      699395       7465                0.8607142857142858
947      688600       3330                0.8663793103448276
2613     688781       3149                0.6349206349206349
2612     690388       1542                0.6902173913043479
1726     702148       10218               0.7642276422764227
1736     691696       234                 0.8601036269430051
ID       Population  PopulationVariation  Compactness
2759     690971       959                 0.6982248520710059
1710     692848       918                 0.8148148148148149
327      699862       7932                0.7913043478260869
1639     685726       6204                0.6335403726708074
2970     699160       7230                0.6     
1205     681535       10395               0.8413461538461539
2486     690390       1540                0.6243654822335025
2692     682422       9508                0.6358381502890174
1013     686766       5164                0.8007968127490039
1011     696226       4296                0.7916666666666666
1916     697949       6019                0.6580086580086579
2251     695111       3181                0.7909090909090909
26       693069       1139                0.5631067961165048
2905     694992       3062                0.7209302325581395
ID       Population  PopulationVariation  Compactness
1976     684919       7011                0.7330508474576272
137      695072       3142                0.7295918367346939
1828     688116       3814                0.6194690265486726
1282     687491       4439                0.691304347826087
1632     688775       3155                0.5963855421686747
1769     696883       4953                0.7522522522522522
1980     699812       7882                0.8736842105263158
2785     696864       4934                0.5797872340425532
2570     688335       3595                0.6375838926174497
356      697128       5198                0.6614583333333333
686      694320       2390                0.7004405286343612
628      681812       10118               0.6914893617021276
1181     694220       2290                0.8419117647058824
996      693280       1350                0.8654708520179373
ID       Population  PopulationVariation  Compactness
2511     687936       3994                0.7032967032967032
2175     701352       9422                0.6956521739130435
943      690345       1585                0.7603686635944701
436      685248       6682                0.7665198237885462
1707     701512       9582                0.8465608465608465
285      695423       3493                0.7875  
2855     687206       4724                0.6686746987951807
1969     696041       4111                0.6706586826347305
2715     683830       8100                0.6950000000000001
2716     695247       3317                0.6293706293706294
1709     694244       2314                0.7634408602150538
1634     685885       6045                0.5944444444444444
1040     693396       1466                0.8231046931407943
280      689362       2568                0.6595744680851063
ID       Population  PopulationVariation  Compactness
2516     689808       2122                0.6826347305389222
1625     698363       6433                0.7248677248677249
27       681643       10287               0.8208955223880597
2893     701585       9655                0.7789473684210526
929      689719       2211                0.72    
1884     696654       4724                0.7407407407407407
633      684193       7737                0.7371428571428571
2776     692342       412                 0.6094674556213018
1806     691430       500                 0.6371681415929203
2308     702132       10202               0.7464114832535885
1488     692480       550                 0.5856353591160222
1484     693824       1894                0.6147540983606558
909      686224       5706                0.78515625
811      686630       5300                0.875   
ID       Population  PopulationVariation  Compactness
121      699297       7367                0.7100591715976332
1180     685631       6299                0.8206896551724138
1118     689465       2465                0.7336448598130841
290      687407       4523                0.7202072538860104
1144     699426       7496                0.854251012145749
755      689049       2881                0.8252427184466019
2817     693233       1303                0.6368715083798883
696      686922       5008                0.7751196172248804
198      690142       1788                0.64    
1574     685197       6733                0.8645833333333334
1823     685497       6433                0.675392670157068
1428     700355       8425                0.7964071856287425
2779     700060       8130                0.7212389380530974
2605     695346       3416                0.7313432835820896
ID       Population  PopulationVariation  Compactness
744      685656       6274                0.8085106382978724
2969     698655       6725                0.6223404255319149
2970     693236       1306                0.563758389261745
1880     684808       7122                0.627906976744186
2571     690618       1312                0.5647058823529412
2650     700864       8934                0.6596638655462185
1008     683059       8871                0.6887966804979253
1850     695580       3650                0.6945606694560669
1847     696320       4390                0.6097560975609756
1731     698731       6801                0.8638743455497382
1693     683486       8444                0.6931818181818181
191      682210       9720                0.8642533936651584
2893     696379       4449                0.8314606741573034
2891     697425       5495                0.5319148936170213
ID       Population  PopulationVariation  Compactness
2585     698700       6770                0.6627906976744187
2546     682046       9884                0.622093023255814
456      692968       1038                0.7991071428571428
517      693363       1433                0.704225352112676
978      699584       7654                0.8007662835249042
1042     689944       1986                0.6494845360824743
2630     688554       3376                0.6243093922651934
1574     696222       4292                0.8636363636363636
2821     696028       4098                0.5982142857142857
831      690870       1060                0.8057851239669421
846      681943       9987                0.8355555555555556
1850     690308       1622                0.6701570680628273
1995     701677       9747                0.6694915254237288
1994     684820       7110                0.6735751295336787
ID       Population  PopulationVariation  Compactness
703      696374       4444                0.6989247311827957
549      681985       9945                0.676300578034682
2963     685008       6922                0.8144796380090498
2952     700281       8351                0.6602564102564102
2595     688927       3003                0.7074235807860262
2821     699126       7196                0.6457142857142857
1960     692162       232                 0.8369565217391304
1958     692088       158                 0.7212121212121212
1940     682439       9491                0.5454545454545454
903      701831       9901                0.8805309734513275
935      684753       7177                0.7170542635658914
919      692954       1024                0.8582677165354331
2651     696903       4973                0.641255605381166
2487     692196       266                 0.7393617021276595
ID       Population  PopulationVariation  Compactness
2812     683697       8233                0.6783625730994152
2398     693365       1435                0.6285714285714286
198      687158       4772                0.689119170984456
3010     695255       3325                0.8740458015267176
3011     699914       7984                0.681081081081081
1072     697800       5870                0.5806451612903225
159      701759       9829                0.6395939086294415
1709     696807       4877                0.7541899441340782
2866     690184       1746                0.7832699619771863
2855     684122       7808                0.7425149700598803
2276     695261       3331                0.6036866359447004
2305     688831       3099                0.7211538461538461
1174     689689       2241                0.8162393162393162
989      683185       8745                0.7421052631578947
ID       Population  PopulationVariation  Compactness
1149     684662       7268                0.9022222222222223
1821     692911       981                 0.6826347305389222
1807     686161       5769                0.6590909090909092
2121     698044       6114                0.7142857142857143
2569     687313       4617                0.5     
1126     698695       6765                0.6927083333333333
933      694580       2650                0.8638132295719845
1168     685452       6478                0.7549407114624506
1680     691178       752                 0.6995073891625616
1645     700006       8076                0.7861271676300579
2028     692736       806                 0.6338028169014085
2029     682484       9446                0.7114427860696517
282      690872       1058                0.6681818181818182
281      701933       10003               0.5481927710843373
ID       Population  PopulationVariation  Compactness
943      695865       3935                0.8171206225680934
950      682995       8935                0.8264462809917356
2993     699242       7312                0.735632183908046
2741     684922       7008                0.6538461538461539
1501     693904       1974                0.7065868263473054
2847     682657       9273                0.5579710144927537
2483     702140       10210               0.6238095238095238
2331     693643       1713                0.6944444444444444
2679     696836       4906                0.6536585365853659
1000     688038       3892                0.6666666666666667
921      692256       326                 0.7489361702127659
917      695261       3331                0.7440758293838863
16       691280       650                 0.6408163265306123
651      687988       3942                0.6369047619047619
ID       Population  PopulationVariation  Compactness
747      697528       5598                0.8313725490196078
2381     699070       7140                0.7008547008547008
2278     693410       1480                0.5189873417721519
1154     694424       2494                0.69    
145      697313       5383                0.5914634146341464
722      695912       3982                0.6414141414141414
83       682735       9195                0.625   
1859     686311       5619                0.6303030303030304
820      690097       1833                0.8181818181818181
1379     695354       3424                0.8944954128440367
2956     682238       9692                0.6428571428571428
2978     694148       2218                0.7266666666666667
1698     695610       3680                0.7428571428571429
1702     682877       9053                0.8743455497382199
ID       Population  PopulationVariation  Compactness
711      681713       10217               0.6533333333333333
841      686578       5352                0.8283261802575107
760      685935       5995                0.7762557077625571
2969     701633       9703                0.564935064935065
337      692545       615                 0.6890243902439024
2730     701314       9384                0.6594202898550725
2761     684105       7825                0.6666666666666667
494      688838       3092                0.7710280373831776
2131     693544       1614                0.751131221719457
2183     701542       9612                0.7396449704142012
2078     690600       1330                0.7565217391304347
2079     692205       275                 0.6127450980392157
2870     701134       9204                0.7943548387096774
3005     685341       6589                0.64375 
ID       Population  PopulationVariation  Compactness
95       700432       8502                0.6467391304347826
917      692214       284                 0.9027237354085603
306      691661       269                 0.7911111111111111
1704     683780       8150                0.5621301775147929
2754     696077       4147                0.6376811594202898
1480     684904       7026                0.8864864864864865
2957     700350       8420                0.6688741721854304
2215     698149       6219                0.6844444444444444
2206     699755       7825                0.6199095022624435
1188     687388       4542                0.8801652892561983
1102     683827       8103                0.7183673469387755
1130     689263       2667                0.5764705882352941
608      688281       3649                0.6699507389162562
515      690946       984                 0.711864406779661
ID       Population  PopulationVariation  Compactness
2705     689168       2762                0.6386138613861386
2672     690405       1525                0.7335907335907336
2675     698609       6679                0.7134502923976609
2410     686036       5894                0.8361581920903955
2409     695610       3680                0.7456647398843931
1768     698611       6681                0.7704081632653061
1826     697330       5400                0.6370967741935484
656      689784       2146                0.7228260869565217
752      697983       6053                0.7578125
613      682769       9161                0.6540880503144655
1074     692647       717                 0.7452830188679245
265      683035       8895                0.6476683937823835
915      687498       4432                0.8110236220472441
899      697542       5612                0.8879310344827587
ID       Population  PopulationVariation  Compactness
2483     716621       24691               0.7142857142857143
2733     707325       15395               0.6622516556291391
1067     685263       6667                0.6724137931034483
2410     682566       9364                0.7653631284916201
122      695499       3569                0.7255813953488373
249      676090       15840               0.8241758241758241
255      682165       9765                0.5863874345549738
2727     698262       6332                0.6101694915254237
2322     676189       15741               0.6124401913875598
905      683198       8732                0.8482142857142857
824      684099       7831                0.7302325581395348
2386     696780       4850                0.625   
3040     701074       9144                0.6556603773584906
1799     701896       9966                0.6896551724137931
ID       Population  PopulationVariation  Compactness
971      693269       1339                0.7791164658634538
1031     682573       9357                0.8728813559322034
664      699004       7074                0.7444444444444445
1201     693124       1194                0.8619246861924686
2238     687020       4910                0.6933962264150944
2231     692409       479                 0.7128205128205128
1639     683479       8451                0.7050691244239631
1838     696920       4990                0.7609756097560976
2881     696537       4607                0.7314814814814814
2883     683485       8445                0.6554054054054055
2313     697687       5757                0.7112299465240641
2324     698053       6123                0.5988700564971752
2978     683310       8620                0.6329787234042553
2957     700157       8227                0.6923076923076923
ID       Population  PopulationVariation  Compactness
1908     688019       3911                0.6956521739130435
1164     687710       4220                0.8218623481781376
2705     696214       4284                0.7197452229299364
2786     701718       9788                0.6363636363636364
490      686008       5922                0.7783018867924528
491      692825       895                 0.7016574585635359
1194     688791       3139                0.8604651162790697
249      683039       8891                0.7211538461538461
1042     690798       1132                0.726457399103139
1099     694797       2867                0.65    
1663     700990       9060                0.8248587570621468
1662     691451       479                 0.7005649717514124
2379     689200       2730                0.7112970711297071
2059     695467       3537                0.6595744680851063
ID       Population  PopulationVariation  Compactness
1982     702027       10097               0.6230366492146597
1028     706590       14660               0.7685589519650655
625      698107       6177                0.6875  
686      405079       286851              0.5094339622641509
2550     820375       128445              0.6368421052631579
2983     697553       5623                0.7304347826086957
2980     684934       6996                0.559748427672956
2372     768988       77058               0.6640926640926641
1574     688766       3164                0.8156424581005587
2821     671844       20086               0.6712328767123288
771      700926       8996                0.5864661654135339
840      691342       588                 0.8247863247863247
1923     725110       33180               0.6515837104072398
1934     725386       33456               0.674757281553398
ID       Population  PopulationVariation  Compactness
739      687650       4280                0.8783783783783784
1040     692581       651                 0.8470588235294118
811      701419       9489                0.657258064516129
2301     698133       6203                0.7135135135135136
607      693658       1728                0.6649746192893401
2603     689417       2513                0.5515151515151515
1430     681622       10308               0.7345679012345678
667      686268       5662                0.8854961832061069
664      686030       5900                0.6234567901234568
2022     699841       7911                0.5789473684210527
2631     696612       4682                0.736842105263158
2634     686820       5110                0.7540106951871658
1482     695992       4062                0.7085714285714286
1486     690984       946                 0.7111111111111111
ID       Population  PopulationVariation  Compactness
2077     694408       2478                0.5333333333333333
1473     690724       1206                0.5782312925170068
2578     699693       7763                0.5751633986928104
2300     687594       4336                0.5864197530864197
1455     683540       8390                0.7333333333333334
36       685301       6629                0.8857142857142857
3024     699862       7932                0.6353591160220995
687      697207       5277                0.6368715083798883
336      686327       5603                0.6705202312138728
749      697526       5596                0.6816143497757847
1953     695995       4065                0.706140350877193
123      684768       7162                0.6976744186046512
916      691387       543                 0.8765432098765432
745      692695       765                 0.8944954128440367
ID       Population  PopulationVariation  Compactness
702      698420       6490                0.5104895104895104
91       684957       6973                0.5299145299145299
48       699613       7683                0.7777777777777778
2170     695343       3413                0.7112970711297071
2171     687630       4300                0.5697674418604651
738      694927       2997                0.7975206611570248
2853     699867       7937                0.7043010752688172
301      683833       8097                0.7911111111111111
888      684995       6935                0.740909090909091
2331     690205       1725                0.7735849056603774
2330     691900       30                  0.6075268817204301
582      690872       1058                0.8288973384030418
679      698154       6224                0.6536585365853659
611      686311       5619                0.7305699481865284
Now the pool is closed and no longer available

real	63m10.724s
user	813m53.578s
sys	0m22.672s
ID       Population  PopulationVariation  Compactness
2986     696133       4203                0.765   
2298     698199       6269                0.680473372781065
1770     685551       6379                0.6142857142857143
760      698564       6634                0.8767123287671232
2626     689824       2106                0.6891891891891893
2181     693192       1262                0.6329787234042553
347      683003       8927                0.6409090909090909
339      687016       4914                0.7237569060773481
2030     695540       3610                0.6285714285714286
2508     697419       5489                0.7511961722488039
931      683338       8592                0.7865168539325843
1149     690309       1621                0.8237704918032787
226      687929       4001                0.6301369863013699
225      701010       9080                0.702247191011236
ID       Population  PopulationVariation  Compactness
102      694877       2947                0.6914893617021276
2409     695317       3387                0.644808743169399
509      694498       2568                0.6883116883116883
2931     687429       4501                0.5931034482758621
657      688329       3601                0.7943548387096774
341      694607       2677                0.6878048780487804
1761     697263       5333                0.8383838383838383
1760     686440       5490                0.7261904761904762
252      699627       7697                0.8326359832635983
1055     681570       10360               0.6036585365853658
923      694187       2257                0.7591836734693878
917      690936       994                 0.7884615384615384
1904     696847       4917                0.7068965517241379
2761     685100       6830                0.6304347826086957
ID       Population  PopulationVariation  Compactness
1850     684012       7918                0.7068965517241379
2999     691294       636                 0.6842105263157895
811      689039       2891                0.7619047619047619
269      692594       664                 0.7425742574257426
1643     692426       496                 0.6130653266331658
1111     701285       9355                0.6491228070175439
301      694726       2796                0.736318407960199
822      688510       3420                0.8113207547169812
1378     700364       8434                0.8341013824884793
2603     688157       3773                0.6331658291457287
1491     693346       1416                0.6014492753623188
1660     689212       2718                0.856353591160221
2339     685724       6206                0.7428571428571429
1853     696338       4408                0.603448275862069
ID       Population  PopulationVariation  Compactness
2700     693896       1966                0.7021276595744681
1426     693841       1911                0.6148648648648649
1440     682288       9642                0.6137931034482759
1950     698202       6272                0.7348066298342542
1962     691054       876                 0.7752808988764045
1144     698452       6522                0.784452296819788
2727     691731       199                 0.6608187134502924
1886     694359       2429                0.7076023391812866
905      696061       4131                0.7564575645756457
906      686435       5495                0.85    
564      682569       9361                0.6864864864864865
72       694982       3052                0.7314814814814814
180      681795       10135               0.5741626794258373
707      701362       9432                0.542713567839196
ID       Population  PopulationVariation  Compactness
333      690812       1118                0.7244897959183674
984      681822       10108               0.6694560669456067
285      701385       9455                0.5431472081218274
1700     697750       5820                0.7048458149779735
1759     693888       1958                0.7383720930232558
229      700333       8403                0.8181818181818181
2804     683876       8054                0.5680000000000001
2581     693305       1375                0.7289719626168225
2777     693538       1608                0.5878787878787879
2057     699308       7378                0.6473214285714286
840      684786       7144                0.8081632653061225
1371     695270       3340                0.7627906976744185
1956     688395       3535                0.6595744680851063
2401     682559       9371                0.7012987012987013
ID       Population  PopulationVariation  Compactness
2861     683419       8511                0.6666666666666667
2883     702223       10293               0.5345911949685535
2452     700805       8875                0.6956521739130435
2748     683964       7966                0.7772727272727273
2535     694824       2894                0.6050955414012739
121      687106       4824                0.6577540106951871
2191     685610       6320                0.6701030927835052
1512     701105       9175                0.7941176470588236
1514     683450       8480                0.7640449438202247
1013     690746       1184                0.764   
861      696701       4771                0.9037037037037037
903      689590       2340                0.8706896551724138
357      700587       8657                0.6227544910179641
356      686897       5033                0.6848484848484848
ID       Population  PopulationVariation  Compactness
942      689488       2442                0.7660550458715596
3017     682249       9681                0.6666666666666667
1530     699929       7999                0.6951219512195121
580      695175       3245                0.8636363636363636
1495     698440       6510                0.625   
2260     700749       8819                0.6666666666666667
2356     684334       7596                0.7942857142857143
929      683879       8051                0.8632478632478633
286      690531       1399                0.7923076923076923
285      686964       4966                0.6237113402061856
1828     698342       6412                0.6594594594594594
2549     693626       1696                0.5705882352941176
2488     684365       7565                0.701195219123506
2632     698956       7026                0.7006369426751593
ID       Population  PopulationVariation  Compactness
122      695298       3368                0.6217391304347826
881      686268       5662                0.8674698795180723
2456     700670       8740                0.6153846153846154
2821     698800       6870                0.8285714285714285
749      684057       7873                0.8080357142857143
288      688920       3010                0.6016949152542372
357      683048       8882                0.6335403726708074
164      698995       7065                0.625   
1956     687847       4083                0.6616915422885572
2398     682555       9375                0.68944099378882
522      693783       1853                0.6129032258064516
523      701316       9386                0.6742857142857143
38       684733       7197                0.8346774193548387
37       700737       8807                0.6027397260273972
ID       Population  PopulationVariation  Compactness
1980     690193       1737                0.5793103448275863
172      688106       3824                0.6770186335403727
1836     691113       817                 0.5642458100558659
1144     701970       10040               0.8596491228070176
1074     682550       9380                0.7135135135135136
541      694929       2999                0.8141592920353982
1696     692606       676                 0.7351598173515982
1699     682475       9455                0.8494623655913979
981      698426       6496                0.7569721115537849
1802     694614       2684                0.6208530805687205
265      697909       5979                0.8104089219330854
1051     689007       2923                0.650887573964497
2567     700620       8690                0.6788990825688073
2455     682509       9421                0.6896551724137931
ID       Population  PopulationVariation  Compactness
1818     698428       6498                0.6197916666666667
2530     693992       2062                0.7014925373134329
1848     685833       6097                0.75    
1491     691520       410                 0.6911764705882353
817      700852       8922                0.8371212121212122
964      692224       294                 0.8117647058823529
256      699497       7567                0.6666666666666667
1040     697356       5426                0.6892655367231638
1973     693610       1680                0.6593406593406593
1168     692169       239                 0.8226600985221675
933      692716       786                 0.7525252525252525
1642     682377       9553                0.698019801980198
1700     684090       7840                0.7627906976744185
1639     682363       9567                0.7692307692307692
ID       Population  PopulationVariation  Compactness
933      698957       7027                0.611764705882353
2472     691603       327                 0.6514285714285715
2859     700820       8890                0.8055555555555556
1791     683151       8779                0.5481927710843373
2007     690033       1897                0.6838709677419355
101      694009       2079                0.5617283950617284
2097     687647       4283                0.7300884955752213
2095     700136       8206                0.7235023041474654
520      690842       1088                0.6443298969072164
164      688217       3713                0.6956521739130435
1137     681856       10074               0.833976833976834
1008     697035       5105                0.6398104265402844
957      684831       7099                0.8346153846153846
1163     697890       5960                0.8583690987124464
ID       Population  PopulationVariation  Compactness
533      681691       10239               0.6210526315789473
1483     685256       6674                0.6111111111111112
2499     689839       2091                0.5051546391752577
2502     681666       10264               0.6830601092896175
2246     692100       170                 0.6717171717171717
17       698439       6509                0.7370517928286853
651      692125       195                 0.7272727272727273
834      698069       6139                0.8387096774193549
1454     685159       6771                0.8608247422680413
3008     697491       5561                0.6035502958579881
1970     701355       9425                0.7028571428571428
1999     692161       231                 0.6890243902439024
1169     695774       3844                0.7586206896551724
957      695902       3972                0.8106995884773662
ID       Population  PopulationVariation  Compactness
1761     687242       4688                0.6578947368421053
1277     695551       3621                0.7860262008733625
1636     693171       1241                0.8481675392670157
2853     688718       3212                0.72    
2623     688422       3508                0.6887755102040816
297      691832       98                  0.7355769230769231
1922     688461       3469                0.7041666666666666
2749     691891       39                  0.6982248520710059
1378     698227       6297                0.7938144329896908
1300     695936       4006                0.788135593220339
100      694880       2950                0.5543478260869565
280      697907       5977                0.645   
45       682839       9091                0.6024844720496895
1504     691950       20                  0.6870748299319728
ID       Population  PopulationVariation  Compactness
751      682669       9261                0.8341232227488151
2374     700056       8126                0.7183098591549295
1010     691410       520                 0.7758620689655172
2037     699899       7969                0.6391752577319587
627      696224       4294                0.7581967213114754
614      684677       7253                0.7110091743119267
925      687980       3950                0.8085106382978724
918      687063       4867                0.7538461538461538
2776     688060       3870                0.6586826347305389
2775     694204       2274                0.664179104477612
1991     682528       9402                0.8430232558139534
1759     699312       7382                0.5930232558139534
2749     697763       5833                0.7393364928909952
1921     695182       3252                0.4897959183673469
ID       Population  PopulationVariation  Compactness
679      697657       5727                0.7050000000000001
1483     683314       8616                0.6211180124223603
1722     695556       3626                0.6758241758241759
237      699623       7693                0.701195219123506
672      691397       533                 0.8189655172413793
1850     694004       2074                0.6807511737089202
1990     695408       3478                0.7945945945945946
1991     682663       9267                0.7066666666666667
760      684140       7790                0.7894736842105263
1196     690446       1484                0.8675799086757991
2668     697375       5445                0.6031746031746033
2562     681708       10222               0.6190476190476191
280      696428       4498                0.7954545454545454
278      697308       5378                0.6198830409356726
ID       Population  PopulationVariation  Compactness
509      689320       2610                0.6946107784431137
2575     692727       797                 0.54375 
100      683236       8694                0.6905829596412556
3038     689862       2068                0.5787037037037037
1950     686734       5196                0.7816091954022988
961      700159       8229                0.6591928251121076
925      696992       5062                0.6368159203980099
2881     686551       5379                0.6438356164383562
1207     699213       7283                0.8600823045267489
1204     696000       4070                0.8535564853556485
393      693750       1820                0.8114754098360656
641      683457       8473                0.6740331491712708
1969     688957       2973                0.72    
1970     700069       8139                0.6285714285714286
ID       Population  PopulationVariation  Compactness
2829     697285       5355                0.7732558139534884
3008     692815       885                 0.6138613861386139
3009     685135       6795                0.609271523178808
2193     683982       7948                0.6428571428571428
2194     699817       7887                0.6140350877192983
3011     687968       3962                0.8     
664      691685       245                 0.6532663316582914
2502     693872       1942                0.622093023255814
1178     699953       8023                0.6964980544747081
2535     698925       6995                0.6019417475728155
1196     689513       2417                0.8156862745098039
191      682917       9013                0.8490566037735849
2798     692410       480                 0.6235294117647059
2543     690750       1180                0.5816993464052287
ID       Population  PopulationVariation  Compactness
281      692275       345                 0.6511627906976745
1367     687740       4190                0.8638297872340426
2312     699949       8019                0.7150000000000001
603      683441       8489                0.9007936507936508
1693     700250       8320                0.8390804597701149
1692     697127       5197                0.6242774566473989
1833     696460       4530                0.63125 
838      682083       9847                0.6476683937823835
1840     693382       1452                0.6310160427807487
1839     688247       3683                0.5670731707317074
124      690623       1307                0.7450199203187251
1143     691802       128                 0.8188679245283019
608      698168       6238                0.6868686868686869
611      685480       6450                0.7202380952380952
ID       Population  PopulationVariation  Compactness
2524     685939       5991                0.6681614349775784
2885     685135       6795                0.8353413654618473
964      687634       4296                0.8296943231441047
1470     694098       2168                0.8314606741573034
1474     695980       4050                0.5333333333333333
949      701167       9237                0.7741935483870968
2755     694211       2281                0.6811594202898551
2269     694469       2539                0.6521739130434783
355      692780       850                 0.8365758754863813
656      691674       256                 0.6290322580645161
1501     683197       8733                0.6580310880829016
1502     691201       729                 0.6540880503144655
2057     687489       4441                0.6108108108108108
1868     702053       10123               0.6477987421383649
ID       Population  PopulationVariation  Compactness
1042     699453       7523                0.7916666666666666
1985     689081       2849                0.7301587301587302
959      691460       470                 0.6476190476190475
905      694100       2170                0.8470588235294118
906      688455       3475                0.8854625550660793
695      684765       7165                0.7931034482758621
2923     682814       9116                0.7397959183673469
2974     683830       8100                0.6375838926174497
651      697723       5793                0.6058823529411765
1873     698870       6940                0.6494252873563218
2189     691167       763                 0.6289592760180995
2192     689564       2366                0.7447916666666667
2397     701037       9107                0.6588785046728972
2331     694708       2778                0.7070063694267517
ID       Population  PopulationVariation  Compactness
1453     691925       5                   0.7938144329896908
2845     683441       8489                0.5704697986577181
345      699849       7919                0.7307692307692308
414      682630       9300                0.768595041322314
510      696147       4217                0.7559808612440191
2916     698460       6530                0.5227272727272727
1891     724331       32401               0.7416666666666667
3038     697802       5872                0.615   
1496     659059       32871               0.455026455026455
1500     735843       43913               0.674074074074074
1361     687622       4308                0.8226415094339623
1350     697022       5092                0.8451327433628318
2162     645374       46556               0.6974358974358974
2166     687522       4408                0.6341463414634146
ID       Population  PopulationVariation  Compactness
1943     699911       7981                0.5757575757575757
2483     699459       7529                0.5947368421052632
752      692638       708                 0.8409090909090909
1700     699722       7792                0.663594470046083
172      698619       6689                0.6443298969072164
571      687053       4877                0.8961538461538462
1149     683274       8656                0.8539823008849557
1150     683412       8518                0.6714975845410628
1760     700715       8785                0.8775510204081632
1769     684005       7925                0.5158730158730158
2499     692757       827                 0.6695652173913044
83       697312       5382                0.5421686746987953
1494     683234       8696                0.5649717514124294
2531     684916       7014                0.6609195402298851
ID       Population  PopulationVariation  Compactness
2542     701161       9231                0.5763888888888888
2643     701710       9780                0.6946107784431137
2992     687757       4173                0.6686046511627908
271      688521       3409                0.7213740458015268
2744     691832       98                  0.4895104895104895
1513     684699       7231                0.5344827586206897
1514     695929       3999                0.7218934911242604
1912     685910       6020                0.6602870813397129
3036     699361       7431                0.6666666666666667
382      682437       9493                0.841897233201581
533      690315       1615                0.7336683417085428
1150     684626       7304                0.6030150753768844
1380     695631       3701                0.8207885304659498
3012     697138       5208                0.8616071428571428
ID       Population  PopulationVariation  Compactness
1803     700155       8225                0.6435643564356436
2180     696122       4192                0.7011494252873562
2955     688389       3541                0.6796875
2642     691320       610                 0.7058823529411764
2687     684337       7593                0.7416666666666667
2689     681754       10176               0.6217948717948718
957      694594       2664                0.8571428571428572
939      701801       9871                0.8597785977859779
2775     700605       8675                0.6424581005586592
2827     689861       2069                0.8125  
2836     682496       9434                0.7803468208092486
1101     688887       3043                0.5911602209944751
333      698525       6595                0.8769230769230769
583      688181       3749                0.6646706586826348
ID       Population  PopulationVariation  Compactness
2821     688492       3438                0.6384615384615384
493      688221       3709                0.7636363636363637
1155     684649       7281                0.8299595141700404
764      699515       7585                0.8709677419354839
2636     696171       4241                0.7149532710280374
522      697813       5883                0.7292817679558011
2887     690438       1492                0.7829787234042553
1999     683796       8134                0.6521739130434783
1970     688479       3451                0.7469879518072289
1974     694236       2306                0.6127167630057804
1995     700754       8824                0.6696035242290749
2028     681667       10263               0.6702127659574468
975      697244       5314                0.6606334841628959
1072     695552       3622                0.6084656084656085
ID       Population  PopulationVariation  Compactness
2803     685836       6094                0.6136363636363636
2787     702055       10125               0.5882352941176471
812      682661       9269                0.8894009216589862
1974     699972       8042                0.6527196652719665
2801     682740       9190                0.6569767441860466
1481     701006       9076                0.6608187134502924
165      686887       5043                0.6136363636363636
752      681739       10191               0.8736462093862816
1146     702070       10140               0.7294685990338164
382      697505       5575                0.8774703557312253
532      695513       3583                0.6451612903225806
1868     692986       1056                0.7119565217391304
1846     692796       866                 0.6836734693877551
1850     683261       8669                0.7897435897435897
ID       Population  PopulationVariation  Compactness
2568     699459       7529                0.5454545454545454
1190     693948       2018                0.7294117647058824
788      681683       10247               0.8883720930232558
347      693673       1743                0.7333333333333334
2873     732389       40459               0.6015625
434      729105       37175               0.7799227799227799
1979     792859       100929              0.8525345622119815
2384     733859       41929               0.675531914893617
2206     699111       7181                0.7309236947791165
121      718340       26410               0.6142857142857143
522      687192       4738                0.7318181818181818
523      712384       20454               0.7374301675977654
224      579525       112405              0.5443037974683544
223      533500       158430              0.6328125
ID       Population  PopulationVariation  Compactness
737      697542       5612                0.8461538461538461
754      685819       6111                0.817351598173516
151      698097       6167                0.7339901477832512
97       713108       21178               0.6115702479338843
171      699665       7735                0.6590909090909092
1639     706889       14959               0.8275862068965517
340      702092       10162               0.5518867924528301
2530     699792       7862                0.6536312849162011
1678     710247       18317               0.7156398104265402
1856     752927       60997               0.69    
925      616484       75446               0.7575757575757576
918      662940       28990               0.616580310880829
2609     671936       19994               0.7018348623853211
2613     669489       22441               0.6585365853658536
ID       Population  PopulationVariation  Compactness
1888     700193       8263                0.6273291925465838
298      690911       1019                0.6931216931216931
1430     687451       4479                0.6275862068965516
895      688929       3001                0.9037037037037037
916      700172       8242                0.8831168831168831
2055     693059       1129                0.5344827586206897
171      692656       726                 0.619718309859155
1639     691711       219                 0.8341968911917098
692      684058       7872                0.7043010752688172
628      702463       10533               0.5310734463276836
2885     689922       2008                0.8439716312056738
2887     684539       7391                0.5153846153846153
2700     685732       6198                0.6593886462882096
2688     695231       3301                0.6084905660377358
ID       Population  PopulationVariation  Compactness
1023     687033       4897                0.8841698841698842
2329     693302       1372                0.6900826446280992
1196     697530       5600                0.8138528138528138
2499     693391       1461                0.7010869565217391
2942     691386       544                 0.8097826086956521
155      692062       132                 0.7210526315789474
1857     684600       7330                0.5789473684210527
1851     698664       6734                0.5769230769230769
1108     697269       5339                0.6553398058252426
1050     691767       163                 0.5054945054945055
3024     685981       5949                0.78743961352657
147      695980       4050                0.7440476190476191
2983     688689       3241                0.7718631178707225
2932     689373       2557                0.651006711409396
ID       Population  PopulationVariation  Compactness
1471     699250       7320                0.736842105263158
792      689547       2383                0.8679245283018868
140      683540       8390                0.7298850574712643
141      699580       7650                0.6451612903225806
256      695526       3596                0.6433121019108281
1770     685338       6592                0.631578947368421
2871     682482       9448                0.8250950570342206
11       691430       500                 0.7772020725388601
1842     698436       6506                0.5824175824175823
391      687683       4247                0.8352490421455938
389      684888       7042                0.7351598173515982
3023     693153       1223                0.685   
2311     701548       9618                0.7394636015325671
1798     694626       2696                0.6635071090047393
ID       Population  PopulationVariation  Compactness
541      697391       5461                0.7974137931034483
753      687638       4292                0.813953488372093
2092     699536       7606                0.6976744186046512
2783     681881       10049               0.6865671641791045
1040     693068       1138                0.7723577235772358
2477     687930       4000                0.5986394557823129
1671     689239       2691                0.7513513513513513
1628     692231       301                 0.6519337016574586
1171     682488       9442                0.7808219178082192
1163     701891       9961                0.6734693877551021
2819     688068       3862                0.8106508875739645
1768     696182       4252                0.5461538461538462
2597     699620       7690                0.6551724137931034
2601     689864       2066                0.6906077348066298
ID       Population  PopulationVariation  Compactness
2746     686308       5622                0.6330935251798562
1470     684058       7872                0.7845303867403315
3040     682577       9353                0.6354166666666667
2536     693134       1204                0.6799999999999999
1502     689742       2188                0.7005649717514124
1271     687014       4916                0.8853211009174312
176      701538       9608                0.6511627906976745
519      685512       6418                0.6968085106382979
1976     695074       3144                0.6386554621848739
1871     696569       4639                0.65    
909      688825       3105                0.8492063492063492
798      699734       7804                0.6612244897959183
282      700116       8186                0.8063241106719368
1074     696826       4896                0.7433155080213903
ID       Population  PopulationVariation  Compactness
307      686475       5455                0.6218487394957983
1853     701756       9826                0.69    
2205     682065       9865                0.680327868852459
1470     686747       5183                0.7722222222222223
3017     701227       9297                0.6864406779661016
2222     696846       4916                0.5595238095238095
1052     691504       426                 0.6615384615384615
265      701574       9644                0.6646341463414633
2451     693166       1236                0.5988372093023255
97       691521       409                 0.6903225806451613
2949     694301       2371                0.7466666666666666
38       684308       7622                0.6993006993006994
904      687976       3954                0.8163265306122449
730      687561       4369                0.8590308370044053
ID       Population  PopulationVariation  Compactness
1465     698708       6778                0.5471698113207547
2311     691265       665                 0.6839378238341969
2461     686406       5524                0.6341463414634146
1831     689490       2440                0.7173913043478262
2020     698086       6156                0.6936936936936937
626      687141       4789                0.6104417670682731
1705     687621       4309                0.675531914893617
1191     695882       3952                0.8547008547008547
229      683588       8342                0.8201754385964912
2182     684059       7871                0.7168949771689498
333      692040       110                 0.8911290322580645
603      697243       5313                0.6939890710382514
2826     697593       5663                0.8121546961325967
2828     697905       5975                0.5448275862068965
ID       Population  PopulationVariation  Compactness
2486     696608       4678                0.6267942583732058
2861     685255       6675                0.7988505747126436
2262     695956       4026                0.6524064171122994
1888     681689       10241               0.6518987341772151
2802     691656       274                 0.7078651685393258
2801     696635       4705                0.6222222222222222
752      691715       215                 0.8487394957983193
989      688751       3179                0.69    
1698     696760       4830                0.718232044198895
38       699412       7482                0.7701149425287357
36       684473       7457                0.5953757225433526
390      695608       3678                0.7410714285714286
161      698161       6231                0.731404958677686
160      684348       7582                0.771551724137931
ID       Population  PopulationVariation  Compactness
1908     702168       10238               0.6367924528301887
1146     688776       3154                0.6468253968253967
2578     689336       2594                0.6805555555555556
1783     693426       1496                0.6287128712871287
2779     682459       9471                0.5882352941176471
2893     682528       9402                0.7647058823529411
2079     688239       3691                0.6343612334801763
575      694600       2670                0.6388888888888888
159      691565       365                 0.7439613526570048
1635     701193       9263                0.6867469879518072
1475     686697       5233                0.8393782383419689
1470     701258       9328                0.5769230769230769
903      693250       1320                0.8577075098814229
904      691532       398                 0.8623853211009174
ID       Population  PopulationVariation  Compactness
2513     683993       7937                0.6338797814207651
345      696310       4380                0.6507936507936508
1704     697541       5611                0.7566137566137566
191      692338       408                 0.8681818181818182
180      698109       6179                0.7695652173913043
695      694636       2706                0.6390532544378698
2895     686431       5499                0.6099290780141844
2933     690213       1717                0.8285714285714285
2888     684381       7549                0.5384615384615384
2118     687525       4405                0.6302083333333333
2381     694802       2872                0.5972850678733032
2344     689281       2649                0.639751552795031
401      691336       594                 0.8418803418803419
398      700131       8201                0.7135678391959799
ID       Population  PopulationVariation  Compactness
2735     689236       2694                0.6931216931216931
2726     699486       7556                0.7180851063829787
2691     696484       4554                0.6666666666666667
2690     696740       4810                0.7621621621621621
659      699705       7775                0.7629310344827587
645      697912       5982                0.5878787878787879
2836     685228       6702                0.8121212121212121
2826     697921       5991                0.7161290322580645
1461     691331       599                 0.6551724137931034
1171     686038       5892                0.8988326848249028
766      681960       9970                0.8407079646017699
922      688853       3077                0.8239700374531835
925      682103       9827                0.6488888888888888
917      694030       2100                0.7654320987654322
ID       Population  PopulationVariation  Compactness
1770     698210       6280                0.6328125
2603     690453       1477                0.49723756906077343
2040     684588       7342                0.6682464454976303
689      686466       5464                0.671957671957672
494      698482       6552                0.7153846153846154
2936     690929       1001                0.8174904942965779
2937     694102       2172                0.6595744680851063
1175     700815       8885                0.8497652582159625
2269     691874       56                  0.719626168224299
2403     693771       1841                0.8711340206185567
1514     685240       6690                0.6710526315789473
608      697463       5533                0.6144578313253012
746      689105       2825                0.7469879518072289
1028     685529       6401                0.670995670995671
Now the pool is closed and no longer available

real	63m31.436s
user	822m1.612s
sys	0m23.489s
This is node 1
Number of districtings for node 1 is 40
Completed in 3811.44s for rank 1:
This is node 0
Number of districtings for node 0 is 40
Completed in 3811.44s for rank 0:
