I am using the following nodes: sn[090-091]
My job ID is: 416443
/gpfs/home/borwang
NUM CPUs 28
/gpfs/home/borwang
NUM CPUs 28
ID       Population  PopulationVariation  Compactness
542      696227       4297                0.8653061224489795
1680     692552       622                 0.8963730569948186
834      695075       3145                0.8755980861244019
673      695499       3569                0.68125 
2505     688359       3571                0.6781609195402298
2232     691823       107                 0.70042194092827
1827     692009       79                  0.6342857142857143
2694     690308       1622                0.6334841628959276
2695     691890       40                  0.630057803468208
2895     687329       4601                0.6917808219178082
1104     692724       794                 0.5705128205128205
971      693651       1721                0.7804878048780488
918      688914       3016                0.7729257641921398
953      690667       1263                0.6524064171122994
All clusters acceptable after: 240 iterations.
ID       Population  PopulationVariation  Compactness
281      688010       3920                0.8072727272727273
753      688650       3280                0.875   
989      693772       1842                0.7025641025641025
1485     690322       1608                0.7005649717514124
1484     693172       1242                0.6176470588235294
2325     691288       642                 0.783068783068783
2340     696986       5056                0.5533333333333333
2194     692022       92                  0.7181818181818183
447      691912       18                  0.8319327731092436
396      692346       416                 0.7621359223300971
2040     688914       3016                0.6666666666666667
2037     694856       2926                0.6342857142857143
1520     690916       1014                0.7543859649122807
1519     693861       1931                0.6322580645161291
All clusters acceptable after: 207 iterations.
ID       Population  PopulationVariation  Compactness
2817     688060       3870                0.7159763313609467
2095     695535       3605                0.7889447236180904
1805     694551       2621                0.7346938775510203
2964     691756       174                 0.8346774193548387
734      696895       4965                0.7053571428571428
2795     686969       4961                0.6145251396648045
820      696942       5012                0.8227272727272728
1291     690189       1741                0.6288659793814433
2121     687641       4289                0.599078341013825
2123     690962       968                 0.6     
2978     691685       245                 0.553072625698324
1500     692352       422                 0.6124031007751938
664      689103       2827                0.8075313807531381
564      694387       2457                0.75    
All clusters acceptable after: 255 iterations.
ID       Population  PopulationVariation  Compactness
647      689594       2336                0.6583850931677019
1040     693588       1658                0.5815217391304348
113      692230       300                 0.728448275862069
2018     689088       2842                0.6683168316831682
943      696799       4869                0.7330508474576272
2262     696750       4820                0.7417582417582418
754      689686       2244                0.863013698630137
1967     691302       628                 0.6743119266055047
1646     694185       2255                0.8333333333333334
934      688092       3838                0.8478260869565217
933      693677       1747                0.7622950819672132
1424     690976       954                 0.6013071895424836
1828     687767       4163                0.6167664670658682
1827     693293       1363                0.6439393939393939
All clusters acceptable after: 292 iterations.
ID       Population  PopulationVariation  Compactness
1504     688326       3604                0.6442953020134228
2968     693037       1107                0.7085427135678393
264      694604       2674                0.6094674556213018
2164     688462       3468                0.7163461538461539
492      695865       3935                0.6111111111111112
493      689552       2378                0.6341463414634146
1044     694190       2260                0.6985645933014354
1770     690792       1138                0.8191489361702128
1766     691838       92                  0.6488095238095238
729      689384       2546                0.8     
947      693388       1458                0.7964912280701755
784      690353       1577                0.8986175115207373
1942     696271       4341                0.6205357142857143
1943     690965       965                 0.7239583333333333
All clusters acceptable after: 315 iterations.
ID       Population  PopulationVariation  Compactness
1475     690068       1862                0.8157894736842105
1938     696618       4688                0.5956284153005464
2970     690115       1815                0.6482758620689655
686      694770       2840                0.5714285714285714
147      692370       440                 0.6740331491712708
2009     689130       2800                0.6334841628959276
1896     692720       790                 0.5403726708074534
1148     694244       2314                0.7807692307692308
1144     691501       429                 0.8942731277533039
2113     688332       3598                0.71    
2098     690589       1341                0.615819209039548
304      696838       4908                0.8977272727272727
2897     690536       1394                0.6616161616161615
2906     689196       2734                0.6878306878306879
All clusters acceptable after: 223 iterations.
ID       Population  PopulationVariation  Compactness
1433     692530       600                 0.6891891891891893
1475     694466       2536                0.6141732283464567
755      691016       914                 0.8727272727272728
2502     686905       5025                0.6951219512195121
2526     687374       4556                0.6705202312138728
2566     696977       5047                0.5864197530864197
1102     694416       2486                0.7459016393442623
1109     696496       4566                0.6424870466321244
1680     686752       5178                0.7873563218390804
1704     695673       3743                0.6809815950920246
2205     694159       2229                0.7530864197530864
2207     690048       1882                0.6650717703349283
1153     688379       3551                0.7749077490774907
1166     691836       94                  0.6255506607929515
All clusters acceptable after: 231 iterations.
ID       Population  PopulationVariation  Compactness
3004     695361       3431                0.7341040462427746
2171     694889       2959                0.7041666666666666
2081     688146       3784                0.6902173913043479
2622     690951       979                 0.6946902654867257
571      688506       3424                0.8514056224899599
581      693981       2051                0.7096774193548387
36       696889       4959                0.8178294573643411
2428     692902       972                 0.6285714285714286
1692     693613       1683                0.6594594594594594
1680     688803       3127                0.6358381502890174
745      691311       619                 0.6769911504424779
316      687094       4836                0.8711111111111112
2590     692968       1038                0.5895953757225434
2581     691613       317                 0.6298701298701299
All clusters acceptable after: 254 iterations.
ID       Population  PopulationVariation  Compactness
2173     687320       4610                0.6759776536312849
2261     693902       1972                0.7411167512690355
2685     687980       3950                0.73109243697479
2894     693756       1826                0.650887573964497
147      692054       124                 0.7370892018779343
2064     692247       317                 0.6265060240963856
771      690494       1436                0.6820276497695852
1052     690881       1049                0.695906432748538
919      695313       3383                0.6795366795366795
920      687773       4157                0.819672131147541
2834     696536       4606                0.7969543147208122
2835     696344       4414                0.43442622950819676
36       689416       2514                0.8431372549019608
267      693011       1081                0.5393939393939393
All clusters acceptable after: 225 iterations.
ID       Population  PopulationVariation  Compactness
2623     689857       2073                0.5930232558139534
265      697059       5129                0.6720647773279352
2132     686878       5052                0.7125748502994012
540      695277       3347                0.6311111111111112
643      696137       4207                0.6590909090909092
1961     690995       935                 0.6276595744680851
860      686804       5126                0.8521739130434782
472      691171       759                 0.7202380952380952
2336     691966       36                  0.6829268292682926
2339     696821       4891                0.6927083333333333
307      694597       2667                0.87890625
917      688386       3544                0.7701612903225806
2517     689846       2084                0.5638297872340425
2448     691233       697                 0.5923076923076923
All clusters acceptable after: 284 iterations.
ID       Population  PopulationVariation  Compactness
2401     694450       2520                0.7307692307692308
1146     689486       2444                0.8611111111111112
1435     687983       3947                0.6621621621621622
180      693538       1608                0.5520361990950227
1474     693457       1527                0.757201646090535
273      692080       150                 0.7583333333333333
1805     693563       1633                0.6893203883495146
664      690002       1928                0.7142857142857143
1887     688402       3528                0.6778523489932886
2121     696541       4611                0.6586826347305389
2522     690830       1100                0.7044334975369457
2562     688250       3680                0.5950920245398773
17       696816       4886                0.7468354430379747
122      691629       301                 0.63    
All clusters acceptable after: 337 iterations.
ID       Population  PopulationVariation  Compactness
633      690663       1267                0.6030150753768844
2132     687462       4468                0.8197674418604651
1484     696841       4911                0.6455696202531646
610      687132       4798                0.6666666666666667
372      696188       4258                0.7705627705627706
370      689063       2867                0.8035714285714286
1190     689253       2677                0.8365758754863813
96       696979       5049                0.5521472392638036
1908     693592       1662                0.6407185628742516
2322     691016       914                 0.5491329479768786
989      693200       1270                0.864406779661017
942      694699       2769                0.755   
2170     688234       3696                0.7237354085603113
2243     692705       775                 0.625668449197861
All clusters acceptable after: 195 iterations.
ID       Population  PopulationVariation  Compactness
2428     688329       3601                0.6283783783783784
1754     693371       1441                0.7547169811320755
2055     688706       3224                0.7666666666666666
991      694762       2832                0.7627737226277372
760      694462       2532                0.8032786885245902
340      696899       4969                0.6494252873563218
338      695951       4021                0.5632911392405063
82       690990       940                 0.6740331491712708
1908     688760       3170                0.6096256684491979
1929     687905       4025                0.6216216216216216
971      691724       206                 0.7471264367816092
970      693500       1570                0.7333333333333334
2662     693066       1136                0.7346938775510203
2655     688602       3328                0.575268817204301
All clusters acceptable after: 184 iterations.
ID       Population  PopulationVariation  Compactness
2089     695392       3462                0.6324786324786325
1806     693230       1300                0.7021276595744681
1059     687163       4767                0.7336244541484715
1137     694094       2164                0.8326693227091634
321      691294       636                 0.7453183520599251
774      688745       3185                0.7857142857142857
564      694475       2545                0.6984126984126984
664      693028       1098                0.6820809248554913
1972     695793       3863                0.642156862745098
1973     694953       3023                0.7524752475247525
2821     688819       3111                0.7944444444444445
1824     689270       2660                0.53125 
2602     693004       1074                0.6153846153846154
2604     687767       4163                0.6964285714285714
All clusters acceptable after: 240 iterations.
ID       Population  PopulationVariation  Compactness
100      693749       1819                0.6490384615384616
1778     693510       1580                0.6799999999999999
1496     693271       1341                0.6683937823834196
3011     690891       1039                0.7416267942583732
1013     691832       98                  0.6532663316582914
2084     688412       3518                0.6127450980392157
2177     691180       750                 0.7278106508875739
2057     696523       4593                0.6878306878306879
2151     692303       373                 0.6010928961748634
1292     688122       3808                0.8959276018099548
945      689101       2829                0.8071428571428572
752      695581       3651                0.753968253968254
2808     693166       1236                0.5172413793103448
2802     689386       2544                0.65    
All clusters acceptable after: 356 iterations.
ID       Population  PopulationVariation  Compactness
2554     692236       306                 0.6503496503496504
2739     691563       367                 0.6119402985074627
67       690373       1557                0.6226415094339622
644      691711       219                 0.7095238095238094
552      693194       1264                0.8682170542635659
1971     696808       4878                0.5590909090909091
1171     689252       2678                0.8571428571428572
249      687925       4005                0.8364312267657993
284      693681       1751                0.6746987951807228
2400     683588       8342                0.7944444444444445
35       696377       4447                0.6887755102040816
28       689408       2522                0.7393617021276595
1963     696786       4856                0.5178571428571428
1979     694125       2195                0.4055944055944056
All clusters acceptable after: 239 iterations.
ID       Population  PopulationVariation  Compactness
1429     696154       4224                0.5714285714285714
2736     687283       4647                0.625   
2780     695943       4013                0.6818181818181819
3021     693152       1222                0.7602040816326531
1475     695541       3611                0.6523809523809524
1963     692478       548                 0.7666666666666666
1629     688153       3777                0.7405405405405405
1630     692877       947                 0.678082191780822
1974     688734       3196                0.7567567567567568
2511     693336       1406                0.76    
1024     692648       718                 0.7063492063492063
1025     689859       2071                0.7947598253275109
972      692367       437                 0.8148148148148149
997      688502       3428                0.8552631578947368
All clusters acceptable after: 327 iterations.
ID       Population  PopulationVariation  Compactness
935      690756       1174                0.6030927835051547
1495     689332       2598                0.6431718061674009
1493     693875       1945                0.589041095890411
2408     694887       2957                0.8673469387755102
1888     687363       4567                0.6565656565656566
1889     691544       386                 0.5142857142857142
956      693251       1321                0.7837837837837838
2923     693347       1417                0.49101796407185627
1206     692505       575                 0.8102189781021898
1205     689961       1969                0.8553191489361702
645      693944       2014                0.728448275862069
705      696412       4482                0.6918918918918919
1709     689602       2328                0.7142857142857143
1700     690248       1682                0.5882352941176471
All clusters acceptable after: 210 iterations.
ID       Population  PopulationVariation  Compactness
3024     690998       932                 0.6963350785340314
1861     695254       3324                0.7111111111111111
100      689318       2612                0.7117117117117118
797      695849       3919                0.8546255506607929
749      695359       3429                0.719626168224299
1899     689552       2378                0.6893203883495146
1913     693131       1201                0.725609756097561
3010     687578       4352                0.9069767441860466
3011     692137       207                 0.6470588235294117
1956     687744       4186                0.8709677419354839
1947     689455       2475                0.6742857142857143
9        696998       5068                0.8396946564885497
2775     688244       3686                0.7098445595854923
2777     695410       3480                0.6825396825396826
All clusters acceptable after: 356 iterations.
ID       Population  PopulationVariation  Compactness
910      690213       1717                0.8359375
2177     689480       2450                0.6947791164658634
1781     687903       4027                0.7526315789473684
995      691029       901                 0.810077519379845
1760     686978       4952                0.8402061855670103
1819     690162       1768                0.525974025974026
768      695177       3247                0.8869565217391304
1153     688032       3898                0.6763285024154589
1430     695833       3903                0.75    
1440     692536       606                 0.6783216783216783
2676     695444       3514                0.6223404255319149
2610     694994       3064                0.5852272727272727
2124     697119       5189                0.7044334975369457
2181     692127       197                 0.7875  
All clusters acceptable after: 371 iterations.
ID       Population  PopulationVariation  Compactness
921      696224       4294                0.6804123711340206
754      696320       4390                0.8783783783783784
2210     694402       2472                0.625   
2535     691741       189                 0.6702702702702703
2871     687418       4512                0.8339350180505415
2872     694158       2228                0.728813559322034
649      692971       1041                0.7688679245283019
648      687904       4026                0.6571428571428571
340      692619       689                 0.628930817610063
448      692836       906                 0.7991803278688525
447      687025       4905                0.7150000000000001
1659     689502       2428                0.6544502617801047
1992     693273       1343                0.7784431137724551
1761     690634       1296                0.5234899328859061
All clusters acceptable after: 302 iterations.
ID       Population  PopulationVariation  Compactness
1999     691879       51                  0.7305389221556886
1447     689107       2823                0.7058823529411764
1969     694727       2797                0.6871508379888268
941      696473       4543                0.7348837209302326
1074     688058       3872                0.6799999999999999
2662     691059       871                 0.6586538461538461
1995     695229       3299                0.6851851851851851
763      695502       3572                0.8518518518518519
2578     688846       3084                0.7150000000000001
2583     692777       847                 0.6474358974358974
1178     688793       3137                0.7238805970149254
1180     691334       596                 0.8740157480314961
1575     693500       1570                0.7823529411764706
1470     689743       2187                0.7050359712230216
All clusters acceptable after: 227 iterations.
ID       Population  PopulationVariation  Compactness
2513     694947       3017                0.6054054054054054
689      696259       4329                0.6588235294117647
1703     688429       3501                0.8633879781420765
1698     690919       1011                0.6411764705882352
1964     688010       3920                0.7202072538860104
1971     692609       679                 0.6183206106870229
2669     687284       4646                0.6379310344827587
917      690618       1312                0.7626459143968871
307      692081       151                 0.7021276595744681
2583     696127       4197                0.6351351351351351
807      694563       2633                0.8416988416988417
857      690416       1514                0.8859649122807017
2927     690427       1503                0.6205357142857143
2930     694338       2408                0.5733333333333333
All clusters acceptable after: 295 iterations.
ID       Population  PopulationVariation  Compactness
2113     689323       2607                0.651685393258427
688      694868       2938                0.65625 
1487     694987       3057                0.7625  
2339     692213       283                 0.6336206896551724
656      688503       3427                0.7151162790697674
603      694219       2289                0.76    
784      689666       2264                0.8143459915611815
944      688885       3045                0.6846846846846847
1990     689413       2517                0.8368421052631578
1991     692688       758                 0.6627218934911243
2687     691463       467                 0.6782608695652175
2478     689886       2044                0.5960591133004927
2541     694044       2114                0.6793478260869565
2543     696869       4939                0.6     
All clusters acceptable after: 287 iterations.
ID       Population  PopulationVariation  Compactness
2944     696615       4685                0.8516483516483516
1994     692141       211                 0.6872037914691943
1895     693839       1909                0.5823529411764705
916      689015       2915                0.8115384615384615
1154     696095       4165                0.8634361233480177
1152     688845       3085                0.6352941176470588
1781     688780       3150                0.5760000000000001
3004     689612       2318                0.8113879003558719
2948     693773       1843                0.6987951807228916
2182     693909       1979                0.6881720430107527
2181     692969       1039                0.7119565217391304
645      689246       2684                0.6567164179104478
2523     687284       4646                0.6968503937007874
2520     694904       2974                0.6057142857142856
All clusters acceptable after: 206 iterations.
ID       Population  PopulationVariation  Compactness
1304     695740       3810                0.8597285067873304
2660     696495       4565                0.6268656716417911
809      690263       1667                0.7137546468401488
1472     696017       4087                0.7727272727272727
1491     689925       2005                0.6076923076923078
2322     691702       228                 0.7754010695187166
712      690677       1253                0.6011560693641618
1888     691046       884                 0.6961325966850829
579      689255       2675                0.8837209302325582
580      696896       4966                0.740506329113924
2685     689462       2468                0.6137339055793991
2505     692290       360                 0.591715976331361
2300     690162       1768                0.5561224489795918
2332     687097       4833                0.6666666666666667
All clusters acceptable after: 362 iterations.
ID       Population  PopulationVariation  Compactness
279      688566       3364                0.7734375
1736     689243       2687                0.8571428571428572
1865     695944       4014                0.7580645161290323
2505     691355       575                 0.592814371257485
1028     696670       4740                0.8981132075471698
746      692029       99                  0.8177966101694916
2059     693957       2027                0.7041420118343196
644      689331       2599                0.6871508379888268
1837     694866       2936                0.49650349650349646
1972     695209       3279                0.6867924528301887
1073     690782       1148                0.7058823529411764
288      694421       2491                0.7089947089947091
2800     687082       4848                0.5771428571428572
1829     687572       4358                0.6344827586206896
All clusters acceptable after: 141 iterations.
ID       Population  PopulationVariation  Compactness
872      689149       2781                0.8081632653061225
3019     693733       1803                0.7727272727272727
3016     694981       3051                0.7150259067357513
2311     690563       1367                0.7037037037037037
1794     690097       1833                0.5636363636363637
2786     689126       2804                0.5064935064935066
2491     689136       2794                0.677570093457944
2432     696232       4302                0.6990291262135923
2434     693448       1518                0.5846153846153845
2844     690437       1493                0.7551020408163265
942      696072       4142                0.680365296803653
933      689039       2891                0.7028301886792453
834      693180       1250                0.8084291187739463
819      691834       96                  0.8428571428571429
All clusters acceptable after: 268 iterations.
ID       Population  PopulationVariation  Compactness
2820     691712       218                 0.6495327102803738
297      688683       3247                0.7510729613733905
1680     687702       4228                0.7684210526315789
1726     696393       4463                0.8100558659217877
938      688417       3513                0.7356828193832599
2642     693606       1676                0.6904761904761905
972      690434       1496                0.8149466192170819
997      690117       1813                0.8565217391304347
2684     696853       4923                0.6931818181818181
2744     693916       1986                0.6328125
2554     695903       3973                0.7417840375586855
2528     687921       4009                0.7083333333333333
2917     694721       2791                0.7954545454545454
29       690649       1281                0.5988023952095809
All clusters acceptable after: 238 iterations.
ID       Population  PopulationVariation  Compactness
1324     686740       5190                0.8271604938271605
3010     696521       4591                0.8338983050847457
3011     691755       175                 0.7     
2181     694043       2113                0.7112970711297071
972      696156       4226                0.7661691542288558
2811     691047       883                 0.5798816568047338
336      692046       116                 0.6180257510729614
2586     689882       2048                0.6350710900473934
2780     692871       941                 0.5644171779141105
2092     689611       2319                0.7204301075268817
2765     693679       1749                0.75    
1891     692766       836                 0.4933333333333333
1655     689831       2099                0.6134969325153374
1660     690079       1851                0.7861635220125787
All clusters acceptable after: 209 iterations.
ID       Population  PopulationVariation  Compactness
2088     694264       2334                0.6802030456852792
1263     695622       3692                0.8166666666666667
581      687541       4389                0.6619047619047619
2367     690676       1254                0.6945812807881773
1946     695281       3351                0.6598984771573604
1244     694163       2233                0.8242677824267782
1233     690086       1844                0.7899159663865546
2516     688962       2968                0.6954022988505747
2517     688724       3206                0.5714285714285714
2941     694981       3051                0.7967032967032968
2890     693913       1983                0.5955882352941176
196      691695       235                 0.7234042553191489
664      690336       1594                0.6     
642      690783       1147                0.7096774193548387
All clusters acceptable after: 269 iterations.
ID       Population  PopulationVariation  Compactness
2714     688608       3322                0.619718309859155
899      694753       2823                0.8464566929133859
1730     694293       2363                0.7947368421052632
1778     692492       562                 0.6875  
1780     687235       4695                0.5691056910569106
145      696782       4852                0.7180851063829787
938      694853       2923                0.6342592592592593
2583     693423       1493                0.7009803921568627
2440     689934       1996                0.5766423357664234
656      689229       2701                0.6529411764705882
699      690947       983                 0.7671232876712328
696      692058       128                 0.6045197740112994
753      692864       934                 0.8686131386861313
989      689556       2374                0.8340425531914893
All clusters acceptable after: 233 iterations.
ID       Population  PopulationVariation  Compactness
38       689548       2382                0.5933333333333333
83       694650       2720                0.680473372781065
1642     697066       5136                0.6473684210526316
1433     691844       86                  0.6689189189189189
918      690044       1886                0.7171052631578947
243      693738       1808                0.7665198237885462
1142     688338       3592                0.688715953307393
1075     694647       2717                0.5947368421052632
2662     690100       1830                0.757847533632287
2651     691386       544                 0.6682242990654206
808      691212       718                 0.8669201520912547
861      688682       3248                0.8451327433628318
1963     696598       4668                0.7128205128205128
2398     689174       2756                0.8670212765957447
All clusters acceptable after: 233 iterations.
ID       Population  PopulationVariation  Compactness
2397     694187       2257                0.6548672566371682
2662     694698       2768                0.6633165829145728
303      689882       2048                0.8333333333333334
695      693990       2060                0.7342995169082125
613      690430       1500                0.7194570135746606
107      689424       2506                0.7142857142857143
1470     693513       1583                0.7570621468926554
1817     689671       2259                0.653061224489796
823      695240       3310                0.8867924528301887
2852     687819       4111                0.8617021276595744
2853     692367       437                 0.7674418604651163
1899     815066       123136              0.48309178743961356
1638     688627       3303                0.7442922374429224
1642     572113       119817              0.5112781954887218
All clusters acceptable after: 287 iterations.
ID       Population  PopulationVariation  Compactness
2013     690752       1178                0.5396825396825398
737      695999       4069                0.8826291079812206
1502     691481       449                 0.6158536585365854
1719     694939       3009                0.8068181818181819
1828     691061       869                 0.6685082872928176
2817     690928       1002                0.5531914893617021
193      692978       1048                0.6890756302521008
1696     690045       1885                0.6666666666666667
1033     694041       2111                0.8091603053435115
919      694434       2504                0.6431924882629108
287      687574       4356                0.7715355805243446
613      690008       1922                0.7339901477832512
1998     695524       3594                0.6130952380952381
2030     687263       4667                0.6012658227848101
All clusters acceptable after: 279 iterations.
ID       Population  PopulationVariation  Compactness
942      692264       334                 0.7723577235772358
2602     691577       353                 0.5923566878980892
1999     688488       3442                0.7129186602870814
260      690431       1499                0.6705202312138728
2835     691636       294                 0.755   
1525     690488       1442                0.5851851851851853
1046     687805       4125                0.7915057915057915
2351     694525       2595                0.6553398058252426
765      697001       5071                0.7863247863247863
769      692297       367                 0.8141592920353982
2469     693854       1924                0.7142857142857143
2472     691639       291                 0.6149068322981366
713      694683       2753                0.5829383886255924
643      690339       1591                0.686046511627907
All clusters acceptable after: 381 iterations.
ID       Population  PopulationVariation  Compactness
2058     690918       1012                0.6509803921568628
929      689010       2920                0.6040609137055837
2859     689160       2770                0.8007518796992481
2946     692556       626                 0.8255813953488372
738      694180       2250                0.7611336032388664
1155     693608       1678                0.8772727272727273
664      687086       4844                0.7797619047619048
2555     690741       1189                0.6923076923076923
614      690496       1434                0.7155963302752293
627      694378       2448                0.7282051282051283
1826     691381       549                 0.6703296703296704
1828     695013       3083                0.6258992805755396
1803     694844       2914                0.6910112359550562
1972     693656       1726                0.6589595375722543
All clusters acceptable after: 250 iterations.
ID       Population  PopulationVariation  Compactness
2643     687641       4289                0.7319148936170212
2869     688538       3392                0.72    
945      695461       3531                0.8559322033898304
1007     689429       2501                0.6923076923076923
1006     693002       1072                0.8215962441314554
54       690195       1735                0.7178217821782178
57       696830       4900                0.6012269938650308
2820     690064       1866                0.6491228070175439
2057     691315       615                 0.7205882352941176
1868     692810       880                 0.7965116279069767
2732     692204       274                 0.7623762376237624
2750     695364       3434                0.7151162790697674
580      693153       1223                0.852112676056338
504      691021       909                 0.699421965317919
All clusters acceptable after: 391 iterations.
ID       Population  PopulationVariation  Compactness
609      688014       3916                0.7192118226600985
1825     692572       642                 0.5960264900662251
1859     688098       3832                0.5533333333333333
2562     689118       2812                0.7016806722689075
1683     693418       1488                0.7687861271676301
1162     690964       966                 0.76953125
797      693729       1799                0.6716417910447761
944      696988       5058                0.8733031674208145
2112     696507       4577                0.7102803738317758
2586     694230       2300                0.5941176470588235
148      697242       5312                0.7248908296943232
145      687407       4523                0.7222222222222222
29       687355       4575                0.8365019011406845
2897     691385       545                 0.5465838509316769
All clusters acceptable after: 265 iterations.
ID       Population  PopulationVariation  Compactness
642      689548       2382                0.6457142857142857
1926     693857       1927                0.7370892018779343
1433     694349       2419                0.6666666666666667
39       693429       1499                0.631578947368421
1644     689053       2877                0.8379888268156425
2557     688380       3550                0.7539267015706806
1896     692545       615                 0.6623376623376623
1153     686913       5017                0.8991228070175439
81       696478       4548                0.6726457399103138
3014     689791       2139                0.654054054054054
1164     689012       2918                0.8515625
1166     692892       962                 0.5934579439252337
37       696150       4220                0.8389513108614233
2967     694630       2700                0.6768292682926829
All clusters acceptable after: 321 iterations.
Now the pool is closed and no longer available

real	61m19.723s
user	790m2.658s
sys	0m21.741s
ID       Population  PopulationVariation  Compactness
1644     692806       876                 0.8633879781420765
514      694391       2461                0.7511737089201878
2580     688193       3737                0.6470588235294117
2191     689608       2322                0.5923566878980892
340      691738       192                 0.7309417040358744
339      692672       742                 0.5523255813953488
1828     692386       456                 0.7     
1827     688572       3358                0.6346153846153846
745      693933       2003                0.8076923076923077
277      694581       2651                0.7642585551330798
877      693455       1525                0.778894472361809
2486     688221       3709                0.6844919786096257
2020     696782       4852                0.6610878661087867
2188     689689       2241                0.7268722466960352
All clusters acceptable after: 282 iterations.
ID       Population  PopulationVariation  Compactness
479      693217       1287                0.7543103448275862
1525     686845       5085                0.8852459016393442
288      689262       2668                0.6123595505617978
977      690105       1825                0.83203125
2505     695002       3072                0.6745283018867925
1813     693411       1481                0.6496815286624205
81       693822       1892                0.6234309623430963
669      689884       2046                0.7029702970297029
1895     695099       3169                0.5384615384615384
1892     695694       3764                0.5580110497237569
1485     694229       2299                0.6831683168316831
1484     687085       4845                0.7153284671532847
749      690157       1773                0.8516949152542372
1033     693215       1285                0.6205128205128205
All clusters acceptable after: 230 iterations.
ID       Population  PopulationVariation  Compactness
2612     696967       5037                0.6270270270270271
1778     691197       733                 0.7134502923976609
2512     691145       785                 0.5828877005347594
307      688527       3403                0.8403361344537815
1631     694161       2231                0.8505154639175257
933      691593       337                 0.7303921568627452
784      686967       4963                0.8571428571428572
840      690458       1472                0.7941176470588236
2973     692502       572                 0.7857142857142857
2954     691449       481                 0.5348837209302326
2663     692110       180                 0.7555555555555555
2670     695517       3587                0.6453488372093024
1699     692140       210                 0.7035398230088495
1700     692294       364                 0.6724137931034483
All clusters acceptable after: 272 iterations.
ID       Population  PopulationVariation  Compactness
2687     688949       2981                0.7245762711864407
2475     696176       4246                0.6585365853658536
648      693439       1509                0.677570093457944
336      696243       4313                0.6325301204819277
1436     690124       1806                0.6227544910179641
1505     687226       4704                0.7178217821782178
1496     690531       1399                0.6551724137931034
1099     696318       4388                0.5670995670995671
840      692444       514                 0.670940170940171
865      691214       716                 0.8559322033898304
385      689405       2525                0.8257575757575757
386      691829       101                 0.6751592356687899
1628     692453       523                 0.8563829787234043
1671     690676       1254                0.6436170212765957
All clusters acceptable after: 198 iterations.
ID       Population  PopulationVariation  Compactness
2565     695841       3911                0.6055555555555556
1153     689821       2109                0.8545454545454545
626      691325       605                 0.6720430107526882
2057     693215       1285                0.7114427860696517
1946     688689       3241                0.6826347305389222
548      695513       3583                0.8215613382899628
504      688683       3247                0.7878787878787878
2118     691104       826                 0.7268907563025211
2015     693137       1207                0.6923076923076923
3000     691313       617                 0.6439393939393939
1042     686855       5075                0.8492647058823529
1099     696859       4929                0.6666666666666667
2993     693977       2047                0.7934782608695652
2873     690695       1235                0.5802469135802469
All clusters acceptable after: 299 iterations.
ID       Population  PopulationVariation  Compactness
2819     689414       2516                0.6293706293706294
573      691775       155                 0.780373831775701
2426     693775       1845                0.7544910179640718
980      694416       2486                0.8211382113821138
977      690851       1079                0.8427947598253275
1491     687124       4806                0.7083333333333333
2310     688944       2986                0.756198347107438
2311     692887       957                 0.7149758454106281
389      693838       1908                0.7901785714285714
596      692915       985                 0.6261682242990654
2175     693804       1874                0.6509803921568628
2180     691092       838                 0.6560509554140128
2431     689651       2279                0.699421965317919
2430     696541       4611                0.5816993464052287
All clusters acceptable after: 242 iterations.
ID       Population  PopulationVariation  Compactness
1178     692573       643                 0.8376068376068376
645      692772       842                 0.7478632478632479
1016     690816       1114                0.87890625
1074     689590       2340                0.7730061349693251
1461     688496       3434                0.6375  
3002     693791       1861                0.8125  
630      690708       1222                0.7484276729559749
2603     692825       895                 0.5609756097560976
2354     690804       1126                0.825136612021858
1040     693440       1510                0.782608695652174
280      692308       378                 0.5815602836879432
2486     692277       347                 0.6386138613861386
1928     693062       1132                0.6886792452830188
1924     693565       1635                0.6387434554973822
All clusters acceptable after: 371 iterations.
ID       Population  PopulationVariation  Compactness
2933     694384       2454                0.7021276595744681
840      694998       3068                0.8130081300813008
870      687149       4781                0.8871595330739299
864      692822       892                 0.8395061728395061
993      688010       3920                0.5321637426900585
477      695532       3602                0.747787610619469
481      688930       3000                0.5630630630630631
1976     696526       4596                0.6086956521739131
1956     689996       1934                0.7598039215686274
1514     694968       3038                0.8548387096774194
1803     689721       2209                0.56    
1808     690153       1777                0.6416184971098267
89       692105       175                 0.6742081447963801
86       691733       197                 0.5843373493975903
All clusters acceptable after: 223 iterations.
ID       Population  PopulationVariation  Compactness
1488     689512       2418                0.6598639455782314
1853     692512       582                 0.7065217391304348
2688     688005       3925                0.6995515695067265
936      695453       3523                0.7721518987341772
509      692252       322                 0.7641921397379913
161      688639       3291                0.6506024096385542
307      696790       4860                0.8305084745762712
1470     694045       2115                0.7732558139534884
2732     687433       4497                0.6614583333333333
2731     691847       83                  0.6923076923076923
2853     694347       2417                0.7477064220183487
29       690902       1028                0.5497076023391814
835      689101       2829                0.6810344827586207
834      696189       4259                0.8796296296296297
All clusters acceptable after: 264 iterations.
ID       Population  PopulationVariation  Compactness
2549     687387       4543                0.6174863387978142
2776     690300       1630                0.6899563318777293
497      688933       2997                0.7366071428571428
790      696907       4977                0.8497854077253219
1011     690755       1175                0.7319148936170212
704      690871       1059                0.708133971291866
628      692057       127                 0.601010101010101
1962     693813       1883                0.7     
1505     696505       4575                0.8554216867469879
1496     692720       790                 0.58125 
1512     692691       761                 0.7967032967032968
2159     692688       758                 0.6976744186046512
1969     691530       400                 0.6397849462365591
1447     689870       2060                0.6975308641975309
All clusters acceptable after: 277 iterations.
ID       Population  PopulationVariation  Compactness
2401     687426       4504                0.8222222222222222
929      694521       2591                0.7777777777777778
2171     687067       4863                0.7518518518518519
2081     691368       562                 0.7361963190184049
2595     693122       1192                0.5375722543352601
2455     693813       1883                0.615   
38       690699       1231                0.5490196078431373
2501     689710       2220                0.5614035087719298
689      695071       3141                0.7083333333333333
690      694689       2759                0.5855263157894737
835      692682       752                 0.812206572769953
963      692191       261                 0.7918367346938775
2867     692973       1043                0.8058608058608059
3006     691695       235                 0.7167630057803468
All clusters acceptable after: 312 iterations.
ID       Population  PopulationVariation  Compactness
1006     694396       2466                0.8498168498168498
1138     690881       1049                0.6811594202898551
2206     693016       1086                0.6161616161616161
1736     694326       2396                0.8526315789473684
2986     691876       54                  0.6338028169014085
2215     691827       103                 0.6051282051282052
121      692802       872                 0.6752577319587629
2130     690512       1418                0.631578947368421
2976     693826       1896                0.7340425531914894
2954     694537       2607                0.6538461538461539
913      687561       4369                0.8565022421524664
550      687520       4410                0.8392156862745098
680      696078       4148                0.7440758293838863
79       687869       4061                0.6294117647058823
All clusters acceptable after: 274 iterations.
ID       Population  PopulationVariation  Compactness
916      695748       3818                0.8246445497630331
1485     692359       429                 0.6976744186046512
115      696225       4295                0.6352941176470588
549      692572       642                 0.6193181818181819
104      688264       3666                0.5888324873096447
1504     690973       957                 0.5953757225433526
1028     689557       2373                0.8     
817      694264       2334                0.8730769230769231
1693     694627       2697                0.7325581395348837
1731     689242       2688                0.7289156626506024
1838     692327       397                 0.5935483870967742
1840     691475       455                 0.6715328467153285
2312     689161       2769                0.5763546798029557
2305     690233       1697                0.6548223350253808
All clusters acceptable after: 206 iterations.
ID       Population  PopulationVariation  Compactness
921      692177       247                 0.8357664233576643
252      686811       5119                0.7470355731225297
1659     694634       2704                0.6615384615384615
939      693383       1453                0.8491379310344828
82       688305       3625                0.7150259067357513
1865     695579       3649                0.7741935483870968
2863     695278       3348                0.7488372093023256
83       691378       552                 0.6788990825688073
1922     687648       4282                0.6713615023474178
2518     693374       1444                0.7102272727272727
349      692705       775                 0.5898876404494382
293      688664       3266                0.650887573964497
1458     695051       3121                0.6666666666666667
1459     692040       110                 0.5693430656934306
All clusters acceptable after: 313 iterations.
ID       Population  PopulationVariation  Compactness
2426     688484       3446                0.6867469879518072
696      694869       2939                0.6457142857142857
249      686889       5041                0.8314176245210728
746      686094       5836                0.8905660377358491
28       695168       3238                0.480225988700565
2950     693284       1354                0.7333333333333334
2193     697053       5123                0.704225352112676
2192     692236       306                 0.7034883720930232
2688     696231       4301                0.6796536796536796
1168     688509       3421                0.8506787330316742
933      688460       3470                0.7352941176470589
1979     690402       1528                0.6038647342995169
1980     693197       1267                0.8539325842696629
1769     696151       4221                0.7261146496815287
All clusters acceptable after: 312 iterations.
ID       Population  PopulationVariation  Compactness
1023     687722       4208                0.6909090909090909
1433     695044       3114                0.8877005347593583
1824     695697       3767                0.625   
909      694043       2113                0.771551724137931
798      689779       2151                0.7816593886462881
120      691398       532                 0.6036585365853658
2269     689500       2430                0.5909090909090908
1806     695575       3645                0.7083333333333333
2934     687184       4746                0.8409090909090909
2933     696769       4839                0.5895953757225434
2610     694707       2777                0.5700000000000001
2609     686912       5018                0.6604938271604939
2131     690504       1426                0.755   
2183     692193       263                 0.7411167512690355
All clusters acceptable after: 252 iterations.
ID       Population  PopulationVariation  Compactness
2887     694556       2626                0.7724550898203593
2486     689662       2268                0.6285714285714286
497      692204       274                 0.6588235294117647
659      696790       4860                0.7640845070422535
644      691473       457                 0.6445783132530121
2889     695991       4061                0.7358490566037736
2954     690114       1816                0.6560509554140128
1773     690700       1230                0.7677725118483412
97       688654       3276                0.5240641711229946
989      689963       1967                0.7971014492753623
3012     694920       2990                0.8326180257510729
840      687864       4066                0.8169014084507042
2964     689355       2575                0.5853658536585367
2892     694781       2851                0.5403225806451613
All clusters acceptable after: 314 iterations.
ID       Population  PopulationVariation  Compactness
2131     689339       2591                0.7790055248618785
1149     696239       4309                0.8421052631578947
1427     692708       778                 0.7218934911242604
1027     693087       1157                0.8     
529      691330       600                 0.7096774193548387
670      694750       2820                0.7012195121951219
115      687244       4686                0.651685393258427
2461     688027       3903                0.7269076305220883
981      696301       4371                0.7196969696969697
249      687383       4547                0.8083333333333333
1979     686907       5023                0.73    
98       693503       1573                0.5900621118012422
1818     696931       5001                0.6145251396648045
1444     693278       1348                0.6428571428571428
All clusters acceptable after: 346 iterations.
ID       Population  PopulationVariation  Compactness
2662     694742       2812                0.6582914572864322
357      694604       2674                0.694267515923567
412      687456       4474                0.7983539094650206
1823     693994       2064                0.74375 
510      696106       4176                0.736842105263158
265      694801       2871                0.712962962962963
2278     687709       4221                0.6283185840707964
2345     696801       4871                0.6844919786096257
929      690325       1605                0.7625  
943      692153       223                 0.7333333333333334
27       688979       2951                0.8075471698113208
2853     694563       2633                0.7300613496932515
1841     686891       5039                0.6060606060606061
2803     687903       4027                0.5751633986928104
All clusters acceptable after: 239 iterations.
ID       Population  PopulationVariation  Compactness
1283     695859       3929                0.7896995708154506
280      693874       1944                0.6604938271604939
2212     688049       3881                0.7101449275362319
3008     690971       959                 0.7888888888888889
753      692233       303                 0.7416974169741697
972      693185       1255                0.875   
2093     692848       918                 0.6551724137931034
2095     690364       1566                0.7004405286343612
142      688950       2980                0.5945945945945945
2665     693077       1147                0.6592178770949721
2678     691579       351                 0.6832298136645962
2962     690229       1701                0.5869565217391304
265      693169       1239                0.84765625
1051     692640       710                 0.7873563218390804
All clusters acceptable after: 243 iterations.
ID       Population  PopulationVariation  Compactness
2330     695342       3412                0.680672268907563
1698     690113       1817                0.7654867256637168
1702     687004       4926                0.8048780487804879
2685     694699       2769                0.6243093922651934
1141     692886       956                 0.8118081180811808
694      687527       4403                0.7543859649122807
695      694148       2218                0.64375 
1980     695727       3797                0.6781609195402298
36       688951       2979                0.6592178770949721
755      693949       2019                0.6559633027522935
1861     694286       2356                0.6521739130434783
1437     690297       1633                0.6333333333333333
756      688607       3323                0.74235807860262
760      693491       1561                0.8967136150234741
All clusters acceptable after: 317 iterations.
ID       Population  PopulationVariation  Compactness
2819     689536       2394                0.6898395721925134
1766     687622       4308                0.7126436781609196
1699     693719       1789                0.7303370786516854
2440     691083       847                 0.7543103448275862
2430     693208       1278                0.5897435897435898
41       692827       897                 0.6296296296296297
398      696245       4315                0.8814229249011858
2898     691140       790                 0.8760330578512396
2960     691935       5                   0.5935828877005347
1148     694338       2408                0.8767772511848342
472      691793       137                 0.6263736263736264
504      689583       2347                0.6984126984126984
2535     687520       4410                0.6126126126126126
2744     696478       4548                0.6666666666666667
All clusters acceptable after: 323 iterations.
ID       Population  PopulationVariation  Compactness
977      688231       3699                0.8051948051948052
1946     696201       4271                0.699421965317919
1482     696320       4390                0.6225165562913908
1033     688869       3061                0.7181818181818183
2586     694530       2600                0.6770186335403727
2588     693760       1830                0.5666666666666667
2192     694467       2537                0.6758893280632411
2078     695760       3830                0.7065868263473054
2716     690894       1036                0.6741071428571428
1921     695890       3960                0.6898148148148149
2967     688434       3496                0.6243386243386244
2956     687147       4783                0.6758620689655173
964      689045       2885                0.8188679245283019
1006     687479       4451                0.6558704453441295
All clusters acceptable after: 255 iterations.
ID       Population  PopulationVariation  Compactness
844      689269       2661                0.8036529680365296
312      691444       486                 0.842741935483871
2262     691308       622                 0.6     
1823     696414       4484                0.5180722891566265
1441     696241       4311                0.5895196506550218
1821     687395       4535                0.6307692307692307
688      688913       3017                0.6893617021276596
261      690388       1542                0.6477272727272727
2508     691432       498                 0.6368159203980099
2511     689198       2732                0.6443298969072164
925      696648       4718                0.7801724137931034
918      694187       2257                0.5697674418604651
1991     694325       2395                0.7772511848341233
1654     689865       2065                0.8677248677248677
All clusters acceptable after: 274 iterations.
ID       Population  PopulationVariation  Compactness
2612     687196       4734                0.6666666666666667
626      692137       207                 0.6528497409326425
1194     695037       3107                0.8266666666666667
977      693596       1666                0.6919642857142857
1895     693254       1324                0.6986899563318778
94       689889       2041                0.7055837563451777
2444     690463       1467                0.6842105263157895
2481     690248       1682                0.539568345323741
1734     693085       1155                0.8181818181818181
1726     695174       3244                0.5783132530120482
259      694842       2912                0.5981735159817352
222      688931       2999                0.5670103092783505
895      696261       4331                0.8773946360153256
916      686914       5016                0.8699551569506727
All clusters acceptable after: 239 iterations.
ID       Population  PopulationVariation  Compactness
1958     687429       4501                0.7692307692307692
141      689052       2878                0.6650943396226415
2059     695824       3894                0.5865384615384616
2121     687538       4392                0.653179190751445
699      689153       2777                0.7048458149779735
1447     696044       4114                0.6346153846153846
2809     688574       3356                0.6971428571428571
1144     693841       1911                0.6186770428015564
771      691781       149                 0.8755760368663594
1924     696635       4705                0.7378640776699029
1929     689906       2024                0.6598639455782314
1067     692312       382                 0.5245901639344263
1099     692765       835                 0.6200873362445415
1140     696173       4243                0.7863636363636364
All clusters acceptable after: 238 iterations.
ID       Population  PopulationVariation  Compactness
2464     694799       2869                0.6858638743455497
2291     696333       4403                0.7419354838709677
1650     688019       3911                0.6968085106382979
2821     693209       1279                0.5581395348837209
1736     692856       926                 0.8010204081632653
1645     689342       2588                0.6770833333333333
71       690391       1539                0.6127167630057804
2586     690627       1303                0.6830357142857143
2588     695110       3180                0.5686274509803921
844      695830       3900                0.8508064516129032
755      686808       5122                0.6991869918699187
765      696527       4597                0.8151260504201681
27       689371       2559                0.7347826086956522
254      687805       4125                0.5868263473053892
All clusters acceptable after: 238 iterations.
ID       Population  PopulationVariation  Compactness
1204     691732       198                 0.85    
2971     694821       2891                0.5714285714285714
2175     693253       1323                0.6551724137931034
2700     692543       613                 0.6439790575916231
904      687076       4854                0.7942583732057417
2240     692972       1042                0.7333333333333334
2115     687594       4336                0.6029411764705883
1036     690878       1052                0.6407766990291262
549      695911       3981                0.8764044943820225
550      696699       4769                0.782122905027933
1447     693907       1977                0.6444444444444444
2001     690335       1595                0.5347222222222222
2883     687726       4204                0.5309278350515464
2881     691580       350                 0.765625
All clusters acceptable after: 206 iterations.
ID       Population  PopulationVariation  Compactness
2799     687575       4355                0.5803571428571428
2036     689488       2442                0.6860986547085202
2434     697096       5166                0.6608187134502924
626      694062       2132                0.6455026455026456
32       690400       1530                0.60625 
1862     696747       4817                0.8064516129032258
2946     695851       3921                0.5882352941176471
2945     688674       3256                0.5106382978723405
761      688574       3356                0.7534246575342466
148      690046       1884                0.704   
145      694031       2101                0.680473372781065
1169     687436       4494                0.71875 
1178     691306       624                 0.83206106870229
972      695741       3811                0.8553191489361702
All clusters acceptable after: 197 iterations.
ID       Population  PopulationVariation  Compactness
2184     693378       1448                0.6635514018691588
2544     696707       4777                0.6095890410958904
1810     694103       2173                0.6968085106382979
789      687513       4417                0.6073059360730594
794      695996       4066                0.8837209302325582
1836     687707       4223                0.68944099378882
2246     688373       3557                0.6929824561403508
2170     690380       1550                0.6745562130177515
357      694559       2629                0.640625
367      687813       4117                0.831275720164609
327      697057       5127                0.7426160337552743
1625     696714       4784                0.7234042553191489
2855     689756       2174                0.6666666666666667
2856     686971       4959                0.6936416184971098
All clusters acceptable after: 361 iterations.
ID       Population  PopulationVariation  Compactness
1490     695684       3754                0.6181818181818182
624      692546       616                 0.8577075098814229
1802     690018       1912                0.6836734693877551
745      687731       4199                0.7478991596638656
760      696778       4848                0.9     
2548     696580       4650                0.7276785714285714
1574     689541       2389                0.7065868263473054
1760     690884       1046                0.5405405405405406
42       689575       2355                0.7767857142857143
658      695013       3083                0.7     
2970     693275       1345                0.8172043010752688
1504     690546       1384                0.5801526717557253
1447     687033       4897                0.6923076923076923
1969     691823       107                 0.6666666666666667
All clusters acceptable after: 334 iterations.
ID       Population  PopulationVariation  Compactness
832      691580       350                 0.8146551724137931
280      688102       3828                0.6885245901639344
1074     694139       2209                0.7087912087912087
2676     687784       4146                0.6418918918918919
258      689245       2685                0.8452830188679246
2344     691223       707                 0.6696832579185521
2820     690376       1554                0.5421686746987953
2177     695566       3636                0.8253012048192772
1898     691209       721                 0.7005347593582888
1900     694904       2974                0.6586826347305389
941      693974       2044                0.8122448979591836
942      694512       2582                0.8648648648648649
7        694328       2398                0.6359223300970873
653      690085       1845                0.6633663366336633
All clusters acceptable after: 209 iterations.
ID       Population  PopulationVariation  Compactness
628      693424       1494                0.7195767195767195
2775     693318       1388                0.5     
2409     688949       2981                0.6648936170212766
2403     693975       2045                0.8277777777777777
2078     695416       3486                0.7151515151515151
746      690592       1338                0.8209606986899564
1803     694208       2278                0.6406926406926408
2310     689721       2209                0.6457399103139013
303      687863       4067                0.8687258687258688
304      694308       2378                0.6544715447154472
252      696166       4236                0.7448559670781894
959      687109       4821                0.6444444444444444
2799     689858       2072                0.6666666666666667
1829     692120       190                 0.6506849315068493
All clusters acceptable after: 208 iterations.
ID       Population  PopulationVariation  Compactness
2298     687565       4365                0.7120418848167539
2706     696100       4170                0.6972972972972973
2007     695077       3147                0.5853658536585367
1820     691384       546                 0.5393258426966292
1821     691090       840                 0.5877862595419847
1024     692583       653                 0.8     
1692     690222       1708                0.8673469387755102
539      692908       978                 0.7709251101321586
520      691856       74                  0.729559748427673
72       695205       3275                0.7384615384615385
2184     691268       662                 0.5904255319148937
191      688084       3846                0.8727272727272728
982      687308       4622                0.8093220338983051
980      696377       4447                0.6451612903225806
All clusters acceptable after: 326 iterations.
ID       Population  PopulationVariation  Compactness
2749     695057       3127                0.6405228758169934
2466     689283       2647                0.5849056603773585
2879     689628       2302                0.7278106508875739
577      688990       2940                0.825   
2717     687148       4782                0.654639175257732
2716     691149       781                 0.668421052631579
989      692815       885                 0.8597285067873304
143      696056       4126                0.6206896551724138
472      692762       832                 0.6391752577319587
256      689718       2212                0.8357664233576643
1705     693549       1619                0.7641509433962264
85       687406       4524                0.7005988023952097
2177     696741       4811                0.6390243902439025
1508     696725       4795                0.7784810126582279
All clusters acceptable after: 165 iterations.
ID       Population  PopulationVariation  Compactness
2641     695559       3629                0.6553191489361703
1173     694206       2276                0.782051282051282
800      696884       4954                0.8235294117647058
197      690511       1419                0.706140350877193
1482     687245       4685                0.6012658227848101
2183     688557       3373                0.8392857142857143
2135     689952       1978                0.6380368098159509
1859     693948       2018                0.6794871794871795
1812     691468       462                 0.6642335766423357
635      696026       4096                0.7801724137931034
1937     686755       5175                0.6941747572815534
1940     695609       3679                0.7112299465240641
989      687663       4267                0.8444444444444444
942      692644       714                 0.6492146596858639
All clusters acceptable after: 165 iterations.
ID       Population  PopulationVariation  Compactness
2312     689170       2760                0.7121951219512195
3036     687923       4007                0.7277777777777779
2905     689973       1957                0.8540925266903915
2630     686949       4981                0.6413043478260869
1161     695547       3617                0.8539823008849557
2075     690533       1397                0.7351598173515982
2077     692246       316                 0.6069651741293532
1768     695442       3512                0.6689189189189189
2535     694968       3038                0.6850828729281768
2536     691778       152                 0.6266666666666667
658      692743       813                 0.6931216931216931
661      694476       2546                0.5344827586206897
576      689243       2687                0.8645418326693227
591      696036       4106                0.7142857142857143
All clusters acceptable after: 328 iterations.
ID       Population  PopulationVariation  Compactness
2825     696880       4950                0.5616438356164384
1506     692828       898                 0.558659217877095
1636     689034       2896                0.7267441860465116
2855     692495       565                 0.8237547892720307
903      692023       93                  0.7975206611570248
472      689116       2814                0.9015748031496063
548      695439       3509                0.7365591397849462
2705     692673       743                 0.6945812807881773
2714     692346       416                 0.6557377049180328
1490     689949       1981                0.5579710144927537
2194     692698       768                 0.6512605042016807
2079     691613       317                 0.5935828877005347
2916     690026       1904                0.6473429951690821
2931     689907       2023                0.6224489795918368
All clusters acceptable after: 257 iterations.
ID       Population  PopulationVariation  Compactness
2566     688410       3520                0.6421052631578947
565      696555       4625                0.5934065934065934
1888     696609       4679                0.6958762886597938
1890     693034       1104                0.5317919075144508
504      688058       3872                0.5760869565217391
669      695065       3135                0.7027027027027026
435      687266       4664                0.7960784313725491
441      692482       552                 0.6893203883495146
2804     695668       3738                0.6932515337423313
2808     691551       379                 0.6083916083916083
813      686857       5073                0.6548672566371682
785      694270       2340                0.8571428571428572
1762     692976       1046                0.775330396475771
118      688226       3704                0.7888888888888889
All clusters acceptable after: 337 iterations.
ID       Population  PopulationVariation  Compactness
2081     696023       4093                0.7239263803680982
2814     688689       3241                0.49193548387096775
497      689636       2294                0.7478260869565218
317      696006       4076                0.8634538152610441
920      691762       168                 0.748898678414097
1033     693936       2006                0.717948717948718
1194     695203       3273                0.7754237288135593
1979     688800       3130                0.7566137566137566
2553     686891       5039                0.7234042553191489
278      691200       730                 0.7241379310344828
1770     695987       4057                0.76    
1769     691036       894                 0.7790055248618785
2967     694353       2423                0.7173913043478262
2971     687505       4425                0.6666666666666667
All clusters acceptable after: 182 iterations.
Now the pool is closed and no longer available

real	62m10.825s
user	807m0.286s
sys	0m21.519s
This is node 0
Number of districtings for node 0 is 40
This is node 1
Number of districtings for node 1 is 40
